<?xml version="1.0" encoding="UTF-8"?>
<robot generator="Robot 7.0 (Python 3.12.2 on win32)" generated="2024-05-13T11:59:52.500603" rpa="false" schemaversion="5">
<suite id="s1" name="Tests" source="C:\AcademyRobot\Automoçao-AcademyRobot\tests">
<suite id="s1-s1" name="Diretoria" source="C:\AcademyRobot\Automoçao-AcademyRobot\tests\diretoria.robot">
<test id="s1-s1-t1" name="Teste diretoria" line="9">
<kw name="Abrir o navegador" owner="academy" type="SETUP">
<kw name="Open Browser" owner="SeleniumLibrary">
<msg time="2024-05-13T11:59:53.260608" level="INFO">Opening browser 'chrome' to base url 'None'.</msg>
<arg>browser=chrome</arg>
<doc>Opens a new browser instance to the optional ``url``.</doc>
<status status="PASS" start="2024-05-13T11:59:53.260608" elapsed="3.103530"/>
</kw>
<kw name="Maximize Browser Window" owner="SeleniumLibrary">
<doc>Maximizes current browser window.</doc>
<status status="PASS" start="2024-05-13T11:59:56.364138" elapsed="0.236002"/>
</kw>
<status status="PASS" start="2024-05-13T11:59:53.256606" elapsed="3.343534"/>
</kw>
<kw name=" Passo 1: Acessar a pagina do login QaCodersAcademy" owner="academy">
<kw name="Go To" owner="SeleniumLibrary">
<msg time="2024-05-13T11:59:56.604133" level="INFO">Opening url 'https://automacao.qacoders-academy.com.br/login'</msg>
<arg>url=${URL}</arg>
<doc>Navigates the current browser window to the provided ``url``.</doc>
<status status="PASS" start="2024-05-13T11:59:56.603134" elapsed="0.784261"/>
</kw>
<status status="PASS" start="2024-05-13T11:59:56.603134" elapsed="0.784261"/>
</kw>
<kw name="Passo 2: Digitar um email" owner="academy">
<kw name="Wait Until Element Is Visible" owner="SeleniumLibrary">
<arg>locator=${emailInput}</arg>
<doc>Waits until the element ``locator`` is visible.</doc>
<status status="PASS" start="2024-05-13T11:59:57.409398" elapsed="0.205203"/>
</kw>
<kw name="Input Text" owner="SeleniumLibrary">
<msg time="2024-05-13T11:59:57.614601" level="INFO">Typing text 'sysadmin@qacoders.com' into text field '//input[contains(@type,'text')]'.</msg>
<arg>locator=${emailInput}</arg>
<arg>text=${emailLogin}</arg>
<doc>Types the given ``text`` into the text field identified by ``locator``.</doc>
<status status="PASS" start="2024-05-13T11:59:57.614601" elapsed="0.414123"/>
</kw>
<status status="PASS" start="2024-05-13T11:59:57.409398" elapsed="0.619326"/>
</kw>
<kw name="Passo 3: Digitar uma senha" owner="academy">
<kw name="Wait Until Element Is Visible" owner="SeleniumLibrary">
<arg>locator=${senhaInput}</arg>
<doc>Waits until the element ``locator`` is visible.</doc>
<status status="PASS" start="2024-05-13T11:59:58.040724" elapsed="0.049069"/>
</kw>
<kw name="Input Password" owner="SeleniumLibrary">
<msg time="2024-05-13T11:59:58.090793" level="INFO">Typing password into text field 'id:password'.</msg>
<msg time="2024-05-13T11:59:58.173865" level="INFO">Temporally setting log level to: NONE</msg>
<arg>locator=${senhaInput}</arg>
<arg>password=${passwordLogin}</arg>
<doc>Types the given password into the text field identified by ``locator``.</doc>
<status status="PASS" start="2024-05-13T11:59:58.089793" elapsed="0.258072"/>
</kw>
<status status="PASS" start="2024-05-13T11:59:58.039725" elapsed="0.308140"/>
</kw>
<kw name="Passo 4: Clicar em entrar" owner="academy">
<kw name="Wait Until Element Is Visible" owner="SeleniumLibrary">
<arg>locator=${botonentrar}</arg>
<doc>Waits until the element ``locator`` is visible.</doc>
<status status="PASS" start="2024-05-13T11:59:58.355866" elapsed="0.091001"/>
</kw>
<kw name="Click Button" owner="SeleniumLibrary">
<msg time="2024-05-13T11:59:58.446867" level="INFO">Clicking button 'id:login'.</msg>
<arg>locator=${botonentrar}</arg>
<doc>Clicks the button identified by ``locator``.</doc>
<status status="PASS" start="2024-05-13T11:59:58.446867" elapsed="0.349997"/>
</kw>
<status status="PASS" start="2024-05-13T11:59:58.354864" elapsed="0.442000"/>
</kw>
<kw name="Passo 5 - Clicar em cadastro" owner="academy">
<kw name="Wait Until Element Is Visible" owner="SeleniumLibrary">
<arg>locator=${cadastro}</arg>
<doc>Waits until the element ``locator`` is visible.</doc>
<status status="PASS" start="2024-05-13T11:59:58.799864" elapsed="0.521009"/>
</kw>
<kw name="Click Element" owner="SeleniumLibrary">
<msg time="2024-05-13T11:59:59.320873" level="INFO">Clicking element '//span[@class='MuiTypography-root MuiTypography-body1 MuiListItemText-primary css-yb0lig'][contains(.,'Cadastros')]'.</msg>
<arg>locator=${cadastro}</arg>
<doc>Click the element identified by ``locator``.</doc>
<status status="PASS" start="2024-05-13T11:59:59.320873" elapsed="0.124992"/>
</kw>
<status status="PASS" start="2024-05-13T11:59:58.798863" elapsed="0.648007"/>
</kw>
<kw name="Clicar diretoria" owner="academy">
<kw name="Wait Until Element Is Visible" owner="SeleniumLibrary">
<arg>locator=${clicardiretoria}</arg>
<doc>Waits until the element ``locator`` is visible.</doc>
<status status="PASS" start="2024-05-13T11:59:59.450866" elapsed="0.114997"/>
</kw>
<kw name="Click Element" owner="SeleniumLibrary">
<msg time="2024-05-13T11:59:59.566864" level="INFO">Clicking element '//span[@class='MuiTypography-root MuiTypography-body1 MuiListItemText-primary css-yb0lig'][contains(.,'Diretorias')]'.</msg>
<arg>locator=${clicardiretoria}</arg>
<doc>Click the element identified by ``locator``.</doc>
<status status="PASS" start="2024-05-13T11:59:59.565863" elapsed="0.141543"/>
</kw>
<status status="PASS" start="2024-05-13T11:59:59.449868" elapsed="0.257538"/>
</kw>
<kw name="Clicar no botão cadastro" owner="academy">
<kw name="Wait Until Element Is Visible" owner="SeleniumLibrary">
<arg>locator=${butonnovocadastro}</arg>
<doc>Waits until the element ``locator`` is visible.</doc>
<status status="PASS" start="2024-05-13T11:59:59.764408" elapsed="0.172003"/>
</kw>
<kw name="Click Button" owner="SeleniumLibrary">
<msg time="2024-05-13T11:59:59.937404" level="INFO">Clicking button 'id:Novo Cadastro'.</msg>
<arg>locator=${butonnovocadastro}</arg>
<doc>Clicks the button identified by ``locator``.</doc>
<status status="PASS" start="2024-05-13T11:59:59.936411" elapsed="0.202996"/>
</kw>
<status status="PASS" start="2024-05-13T11:59:59.763404" elapsed="0.376003"/>
</kw>
<kw name="Digitar nome" owner="academy">
<kw name="Generate Random String" owner="String">
<msg time="2024-05-13T12:00:00.198406" level="INFO">${nome_randomica} = rnXzmHWT</msg>
<var>${nome_randomica}</var>
<arg>8</arg>
<arg>chars=[LETTERS]</arg>
<doc>Generates a string with a desired ``length`` from the given ``chars``.</doc>
<status status="PASS" start="2024-05-13T12:00:00.197405" elapsed="0.001001"/>
</kw>
<kw name="Convert To Lower Case" owner="String">
<msg time="2024-05-13T12:00:00.199409" level="INFO">${nome_randomica} = rnxzmhwt</msg>
<var>${nome_randomica}</var>
<arg>${nome_randomica}</arg>
<doc>Converts string to lower case.</doc>
<status status="PASS" start="2024-05-13T12:00:00.198406" elapsed="0.001003"/>
</kw>
<kw name="Set Test Variable" owner="BuiltIn">
<msg time="2024-05-13T12:00:00.203402" level="INFO">${doboard} = rnxzmhwt</msg>
<arg>${doboard}</arg>
<arg>${nome_randomica}</arg>
<doc>Makes a variable available everywhere within the scope of the current test.</doc>
<status status="PASS" start="2024-05-13T12:00:00.200407" elapsed="0.002995"/>
</kw>
<kw name="Log" owner="BuiltIn">
<msg time="2024-05-13T12:00:00.203402" level="INFO">rnxzmhwt</msg>
<arg>${doboard}</arg>
<doc>Logs the given message with the given level.</doc>
<status status="PASS" start="2024-05-13T12:00:00.203402" elapsed="0.001000"/>
</kw>
<kw name="Wait Until Element Is Visible" owner="SeleniumLibrary">
<arg>locator=${nomediretoria}</arg>
<doc>Waits until the element ``locator`` is visible.</doc>
<status status="PASS" start="2024-05-13T12:00:00.204402" elapsed="0.158004"/>
</kw>
<kw name="Input Text" owner="SeleniumLibrary">
<msg time="2024-05-13T12:00:00.363405" level="INFO">Typing text 'rnxzmhwt' into text field 'boardName'.</msg>
<arg>locator=${nomediretoria}</arg>
<arg>text=${doboard}</arg>
<doc>Types the given ``text`` into the text field identified by ``locator``.</doc>
<status status="PASS" start="2024-05-13T12:00:00.363405" elapsed="0.292999"/>
</kw>
<status status="PASS" start="2024-05-13T12:00:00.196404" elapsed="0.460000"/>
</kw>
<kw name="Clicar no botão novo da board" owner="academy">
<kw name="Wait Until Element Is Visible" owner="SeleniumLibrary">
<arg>locator=${salvar}</arg>
<doc>Waits until the element ``locator`` is visible.</doc>
<status status="PASS" start="2024-05-13T12:00:00.663406" elapsed="0.055000"/>
</kw>
<kw name="Click Button" owner="SeleniumLibrary">
<msg time="2024-05-13T12:00:00.719405" level="INFO">Clicking button '//button[@type='submit'][contains(.,'SALVAR NOVO')]'.</msg>
<arg>locator=${salvar}</arg>
<doc>Clicks the button identified by ``locator``.</doc>
<status status="PASS" start="2024-05-13T12:00:00.719405" elapsed="0.167001"/>
</kw>
<status status="PASS" start="2024-05-13T12:00:00.663406" elapsed="0.223000"/>
</kw>
<kw name="Clicar botão editar" owner="academy">
<kw name="Wait Until Element Is Visible" owner="SeleniumLibrary">
<arg>locator=${editar}</arg>
<doc>Waits until the element ``locator`` is visible.</doc>
<status status="PASS" start="2024-05-13T12:00:00.888406" elapsed="0.108002"/>
</kw>
<kw name="Click Button" owner="SeleniumLibrary">
<msg time="2024-05-13T12:00:00.998405" level="INFO">Clicking button 'id:edit'.</msg>
<arg>locator=${editar}</arg>
<doc>Clicks the button identified by ``locator``.</doc>
<status status="PASS" start="2024-05-13T12:00:00.997408" elapsed="1.033082"/>
</kw>
<status status="PASS" start="2024-05-13T12:00:00.887405" elapsed="1.143085"/>
</kw>
<kw name="Editar novo nome da diretoria" owner="academy">
<kw name="Generate Random String" owner="String">
<msg time="2024-05-13T12:00:02.037488" level="INFO">${editar_randomica} = hzecTijc</msg>
<var>${editar_randomica}</var>
<arg>8</arg>
<arg>chars=[LETTERS]</arg>
<doc>Generates a string with a desired ``length`` from the given ``chars``.</doc>
<status status="PASS" start="2024-05-13T12:00:02.037488" elapsed="0.000000"/>
</kw>
<kw name="Convert To Lower Case" owner="String">
<msg time="2024-05-13T12:00:02.038493" level="INFO">${editar_randomica} = hzectijc</msg>
<var>${editar_randomica}</var>
<arg>${editar_randomica}</arg>
<doc>Converts string to lower case.</doc>
<status status="PASS" start="2024-05-13T12:00:02.038493" elapsed="0.000000"/>
</kw>
<kw name="Set Test Variable" owner="BuiltIn">
<msg time="2024-05-13T12:00:02.041492" level="INFO">${editardoboard} = hzectijc</msg>
<arg>${editardoboard}</arg>
<arg>${editar_randomica}</arg>
<doc>Makes a variable available everywhere within the scope of the current test.</doc>
<status status="PASS" start="2024-05-13T12:00:02.039490" elapsed="0.002002"/>
</kw>
<kw name="Log" owner="BuiltIn">
<msg time="2024-05-13T12:00:02.042492" level="INFO">hzectijc</msg>
<arg>${editardoboard}</arg>
<doc>Logs the given message with the given level.</doc>
<status status="PASS" start="2024-05-13T12:00:02.042492" elapsed="0.000000"/>
</kw>
<kw name="Wait Until Element Is Visible" owner="SeleniumLibrary">
<arg>locator=${alterarnome}</arg>
<doc>Waits until the element ``locator`` is visible.</doc>
<status status="PASS" start="2024-05-13T12:00:02.043495" elapsed="0.113998"/>
</kw>
<kw name="Input Text" owner="SeleniumLibrary">
<msg time="2024-05-13T12:00:02.158493" level="INFO">Typing text 'hzectijc' into text field 'id:boardName'.</msg>
<arg>locator=${alterarnome}</arg>
<arg>text=${editardoboard}</arg>
<doc>Types the given ``text`` into the text field identified by ``locator``.</doc>
<status status="PASS" start="2024-05-13T12:00:02.158493" elapsed="0.269062"/>
</kw>
<status status="PASS" start="2024-05-13T12:00:02.036492" elapsed="0.392067"/>
</kw>
<kw name="Salvar nova alteração da diretoria" owner="academy">
<kw name="Wait Until Element Is Visible" owner="SeleniumLibrary">
<arg>locator=${novaalteraçaosalvar}</arg>
<doc>Waits until the element ``locator`` is visible.</doc>
<status status="PASS" start="2024-05-13T12:00:02.432557" elapsed="0.098003"/>
</kw>
<kw name="Click Button" owner="SeleniumLibrary">
<msg time="2024-05-13T12:00:02.531559" level="INFO">Clicking button '//button[@type='submit'][contains(.,'SALVAR ALTERAÇOES')]'.</msg>
<arg>locator=${novaalteraçaosalvar}</arg>
<doc>Clicks the button identified by ``locator``.</doc>
<status status="PASS" start="2024-05-13T12:00:02.530560" elapsed="0.147997"/>
</kw>
<status status="PASS" start="2024-05-13T12:00:02.431557" elapsed="0.248000"/>
</kw>
<kw name="Clicar em sair" owner="academy">
<kw name="Wait Until Element Is Visible" owner="SeleniumLibrary">
<arg>locator=${sair}</arg>
<doc>Waits until the element ``locator`` is visible.</doc>
<status status="PASS" start="2024-05-13T12:00:02.686560" elapsed="0.054996"/>
</kw>
<kw name="Click Button" owner="SeleniumLibrary">
<msg time="2024-05-13T12:00:02.742553" level="INFO">Clicking button '//button[@class='css-1nvbq2d'][contains(.,'Logout')]'.</msg>
<arg>locator=${sair}</arg>
<doc>Clicks the button identified by ``locator``.</doc>
<status status="PASS" start="2024-05-13T12:00:02.741556" elapsed="0.220000"/>
</kw>
<status status="PASS" start="2024-05-13T12:00:02.686560" elapsed="0.275997"/>
</kw>
<kw name="Fechar o navegador" owner="academy" type="TEARDOWN">
<kw name="Close Browser" owner="SeleniumLibrary">
<doc>Closes the current browser.</doc>
<status status="PASS" start="2024-05-13T12:00:02.984557" elapsed="2.733098"/>
</kw>
<status status="PASS" start="2024-05-13T12:00:02.983555" elapsed="2.734100"/>
</kw>
<status status="PASS" start="2024-05-13T11:59:53.253607" elapsed="12.465052"/>
</test>
<status status="PASS" start="2024-05-13T11:59:52.598601" elapsed="13.122069"/>
</suite>
<suite id="s1-s2" name="Login" source="C:\AcademyRobot\Automoçao-AcademyRobot\tests\login.robot">
<test id="s1-s2-t1" name="Cenário de teste 1: Login" line="9">
<kw name="Abrir o navegador" owner="academy" type="SETUP">
<kw name="Open Browser" owner="SeleniumLibrary">
<msg time="2024-05-13T12:00:05.745662" level="INFO">Opening browser 'chrome' to base url 'None'.</msg>
<arg>browser=chrome</arg>
<doc>Opens a new browser instance to the optional ``url``.</doc>
<status status="PASS" start="2024-05-13T12:00:05.744659" elapsed="3.139002"/>
</kw>
<kw name="Maximize Browser Window" owner="SeleniumLibrary">
<doc>Maximizes current browser window.</doc>
<status status="PASS" start="2024-05-13T12:00:08.883661" elapsed="0.139999"/>
</kw>
<status status="PASS" start="2024-05-13T12:00:05.742660" elapsed="3.281000"/>
</kw>
<kw name=" Passo 1: Acessar a pagina do login QaCodersAcademy" owner="academy">
<kw name="Go To" owner="SeleniumLibrary">
<msg time="2024-05-13T12:00:09.032661" level="INFO">Opening url 'https://automacao.qacoders-academy.com.br/login'</msg>
<arg>url=${URL}</arg>
<doc>Navigates the current browser window to the provided ``url``.</doc>
<status status="PASS" start="2024-05-13T12:00:09.031661" elapsed="0.748999"/>
</kw>
<status status="PASS" start="2024-05-13T12:00:09.031661" elapsed="0.748999"/>
</kw>
<kw name="Passo 2: Digitar um email" owner="academy">
<kw name="Wait Until Element Is Visible" owner="SeleniumLibrary">
<arg>locator=${emailInput}</arg>
<doc>Waits until the element ``locator`` is visible.</doc>
<status status="PASS" start="2024-05-13T12:00:09.786663" elapsed="0.143994"/>
</kw>
<kw name="Input Text" owner="SeleniumLibrary">
<msg time="2024-05-13T12:00:09.931660" level="INFO">Typing text 'sysadmin@qacoders.com' into text field '//input[contains(@type,'text')]'.</msg>
<arg>locator=${emailInput}</arg>
<arg>text=${emailLogin}</arg>
<doc>Types the given ``text`` into the text field identified by ``locator``.</doc>
<status status="PASS" start="2024-05-13T12:00:09.930657" elapsed="0.428056"/>
</kw>
<status status="PASS" start="2024-05-13T12:00:09.785660" elapsed="0.574056"/>
</kw>
<kw name="Passo 3: Digitar uma senha" owner="academy">
<kw name="Wait Until Element Is Visible" owner="SeleniumLibrary">
<arg>locator=${senhaInput}</arg>
<doc>Waits until the element ``locator`` is visible.</doc>
<status status="PASS" start="2024-05-13T12:00:10.375716" elapsed="0.045001"/>
</kw>
<kw name="Input Password" owner="SeleniumLibrary">
<msg time="2024-05-13T12:00:10.422715" level="INFO">Typing password into text field 'id:password'.</msg>
<msg time="2024-05-13T12:00:10.495714" level="INFO">Temporally setting log level to: NONE</msg>
<arg>locator=${senhaInput}</arg>
<arg>password=${passwordLogin}</arg>
<doc>Types the given password into the text field identified by ``locator``.</doc>
<status status="PASS" start="2024-05-13T12:00:10.421714" elapsed="0.240002"/>
</kw>
<status status="PASS" start="2024-05-13T12:00:10.375716" elapsed="0.286000"/>
</kw>
<kw name="Passo 4: Clicar em entrar" owner="academy">
<kw name="Wait Until Element Is Visible" owner="SeleniumLibrary">
<arg>locator=${botonentrar}</arg>
<doc>Waits until the element ``locator`` is visible.</doc>
<status status="PASS" start="2024-05-13T12:00:10.671713" elapsed="0.079002"/>
</kw>
<kw name="Click Button" owner="SeleniumLibrary">
<msg time="2024-05-13T12:00:10.751719" level="INFO">Clicking button 'id:login'.</msg>
<arg>locator=${botonentrar}</arg>
<doc>Clicks the button identified by ``locator``.</doc>
<status status="PASS" start="2024-05-13T12:00:10.751719" elapsed="0.189998"/>
</kw>
<status status="PASS" start="2024-05-13T12:00:10.670716" elapsed="0.271001"/>
</kw>
<kw name="Fechar o navegador" owner="academy" type="TEARDOWN">
<kw name="Close Browser" owner="SeleniumLibrary">
<doc>Closes the current browser.</doc>
<status status="PASS" start="2024-05-13T12:00:10.944719" elapsed="2.654086"/>
</kw>
<status status="PASS" start="2024-05-13T12:00:10.943717" elapsed="2.655088"/>
</kw>
<status status="PASS" start="2024-05-13T12:00:05.741660" elapsed="7.858140"/>
</test>
<test id="s1-s2-t2" name="Cenario de teste 2: login Inválido" line="15">
<kw name="Abrir o navegador" owner="academy" type="SETUP">
<kw name="Open Browser" owner="SeleniumLibrary">
<msg time="2024-05-13T12:00:13.603800" level="INFO">Opening browser 'chrome' to base url 'None'.</msg>
<arg>browser=chrome</arg>
<doc>Opens a new browser instance to the optional ``url``.</doc>
<status status="PASS" start="2024-05-13T12:00:13.603800" elapsed="3.013555"/>
</kw>
<kw name="Maximize Browser Window" owner="SeleniumLibrary">
<doc>Maximizes current browser window.</doc>
<status status="PASS" start="2024-05-13T12:00:16.617355" elapsed="0.425002"/>
</kw>
<status status="PASS" start="2024-05-13T12:00:13.602803" elapsed="3.439554"/>
</kw>
<kw name=" Passo 1: Acessar a pagina do login QaCodersAcademy" owner="academy">
<kw name="Go To" owner="SeleniumLibrary">
<msg time="2024-05-13T12:00:17.045355" level="INFO">Opening url 'https://automacao.qacoders-academy.com.br/login'</msg>
<arg>url=${URL}</arg>
<doc>Navigates the current browser window to the provided ``url``.</doc>
<status status="PASS" start="2024-05-13T12:00:17.045355" elapsed="0.608996"/>
</kw>
<status status="PASS" start="2024-05-13T12:00:17.044357" elapsed="0.609994"/>
</kw>
<kw name="Digitar um email invalido de login" owner="academy">
<kw name="Wait Until Element Is Visible" owner="SeleniumLibrary">
<arg>locator=${emailInput}</arg>
<doc>Waits until the element ``locator`` is visible.</doc>
<status status="PASS" start="2024-05-13T12:00:17.700354" elapsed="0.230059"/>
</kw>
<kw name="Input Text" owner="SeleniumLibrary">
<msg time="2024-05-13T12:00:17.931414" level="INFO">Typing text 'email.com' into text field '//input[contains(@type,'text')]'.</msg>
<arg>locator=${emailInput}</arg>
<arg>text=email.com</arg>
<doc>Types the given ``text`` into the text field identified by ``locator``.</doc>
<status status="PASS" start="2024-05-13T12:00:17.930413" elapsed="0.387998"/>
</kw>
<kw name="Wait Until Element Is Visible" owner="SeleniumLibrary">
<arg>locator=${senhaInput}</arg>
<doc>Waits until the element ``locator`` is visible.</doc>
<status status="PASS" start="2024-05-13T12:00:18.319414" elapsed="0.065997"/>
</kw>
<kw name="Input Password" owner="SeleniumLibrary">
<msg time="2024-05-13T12:00:18.386415" level="INFO">Typing password into text field 'id:password'.</msg>
<msg time="2024-05-13T12:00:18.463412" level="INFO">Temporally setting log level to: NONE</msg>
<arg>locator=${senhaInput}</arg>
<arg>password=${passwordLogin}</arg>
<doc>Types the given password into the text field identified by ``locator``.</doc>
<status status="PASS" start="2024-05-13T12:00:18.385411" elapsed="0.267003"/>
</kw>
<kw name="Capture Element Screenshot" owner="SeleniumLibrary">
<msg time="2024-05-13T12:00:18.860413" level="INFO" html="true">&lt;/td&gt;&lt;/tr&gt;&lt;tr&gt;&lt;td colspan="3"&gt;&lt;a href="selenium-element-screenshot-4.png"&gt;&lt;img src="selenium-element-screenshot-4.png" width="400px"&gt;&lt;/a&gt;</msg>
<arg>locator=${teladelogin}</arg>
<doc>Captures a screenshot from the element identified by ``locator`` and embeds it into log file.</doc>
<status status="PASS" start="2024-05-13T12:00:18.652414" elapsed="0.207999"/>
</kw>
<status status="PASS" start="2024-05-13T12:00:17.699358" elapsed="1.161055"/>
</kw>
<kw name="Passo 4: Clicar em entrar" owner="academy">
<kw name="Wait Until Element Is Visible" owner="SeleniumLibrary">
<arg>locator=${botonentrar}</arg>
<doc>Waits until the element ``locator`` is visible.</doc>
<status status="PASS" start="2024-05-13T12:00:18.864415" elapsed="0.066997"/>
</kw>
<kw name="Click Button" owner="SeleniumLibrary">
<msg time="2024-05-13T12:00:18.932412" level="INFO">Clicking button 'id:login'.</msg>
<arg>locator=${botonentrar}</arg>
<doc>Clicks the button identified by ``locator``.</doc>
<status status="PASS" start="2024-05-13T12:00:18.931412" elapsed="0.176002"/>
</kw>
<status status="PASS" start="2024-05-13T12:00:18.863413" elapsed="0.244999"/>
</kw>
<kw name="Fechar o navegador" owner="academy" type="TEARDOWN">
<kw name="Close Browser" owner="SeleniumLibrary">
<doc>Closes the current browser.</doc>
<status status="PASS" start="2024-05-13T12:00:19.115414" elapsed="2.543002"/>
</kw>
<status status="PASS" start="2024-05-13T12:00:19.114411" elapsed="2.544005"/>
</kw>
<status status="PASS" start="2024-05-13T12:00:13.601799" elapsed="8.057611"/>
</test>
<status status="PASS" start="2024-05-13T12:00:05.725662" elapsed="15.936749"/>
</suite>
<suite id="s1-s3" name="Usuario" source="C:\AcademyRobot\Automoçao-AcademyRobot\tests\usuario.robot">
<test id="s1-s3-t1" name="teste do usuário" line="12">
<kw name="Abrir o navegador" owner="academy" type="SETUP">
<kw name="Open Browser" owner="SeleniumLibrary">
<msg time="2024-05-13T12:00:21.683413" level="INFO">Opening browser 'chrome' to base url 'None'.</msg>
<arg>browser=chrome</arg>
<doc>Opens a new browser instance to the optional ``url``.</doc>
<status status="PASS" start="2024-05-13T12:00:21.682413" elapsed="2.943997"/>
</kw>
<kw name="Maximize Browser Window" owner="SeleniumLibrary">
<doc>Maximizes current browser window.</doc>
<status status="PASS" start="2024-05-13T12:00:24.627411" elapsed="0.339636"/>
</kw>
<status status="PASS" start="2024-05-13T12:00:21.682413" elapsed="3.285636"/>
</kw>
<kw name=" Passo 1: Acessar a pagina do login QaCodersAcademy" owner="academy">
<kw name="Go To" owner="SeleniumLibrary">
<msg time="2024-05-13T12:00:24.980050" level="INFO">Opening url 'https://automacao.qacoders-academy.com.br/login'</msg>
<arg>url=${URL}</arg>
<doc>Navigates the current browser window to the provided ``url``.</doc>
<status status="PASS" start="2024-05-13T12:00:24.980050" elapsed="0.614527"/>
</kw>
<status status="PASS" start="2024-05-13T12:00:24.979045" elapsed="0.615532"/>
</kw>
<kw name="Passo 2: Digitar um email" owner="academy">
<kw name="Wait Until Element Is Visible" owner="SeleniumLibrary">
<arg>locator=${emailInput}</arg>
<doc>Waits until the element ``locator`` is visible.</doc>
<status status="PASS" start="2024-05-13T12:00:25.612575" elapsed="0.187002"/>
</kw>
<kw name="Input Text" owner="SeleniumLibrary">
<msg time="2024-05-13T12:00:25.801578" level="INFO">Typing text 'sysadmin@qacoders.com' into text field '//input[contains(@type,'text')]'.</msg>
<arg>locator=${emailInput}</arg>
<arg>text=${emailLogin}</arg>
<doc>Types the given ``text`` into the text field identified by ``locator``.</doc>
<status status="PASS" start="2024-05-13T12:00:25.800581" elapsed="0.422996"/>
</kw>
<status status="PASS" start="2024-05-13T12:00:25.612575" elapsed="0.611002"/>
</kw>
<kw name="Passo 3: Digitar uma senha" owner="academy">
<kw name="Wait Until Element Is Visible" owner="SeleniumLibrary">
<arg>locator=${senhaInput}</arg>
<doc>Waits until the element ``locator`` is visible.</doc>
<status status="PASS" start="2024-05-13T12:00:26.268577" elapsed="0.093001"/>
</kw>
<kw name="Input Password" owner="SeleniumLibrary">
<msg time="2024-05-13T12:00:26.362578" level="INFO">Typing password into text field 'id:password'.</msg>
<msg time="2024-05-13T12:00:26.444577" level="INFO">Temporally setting log level to: NONE</msg>
<arg>locator=${senhaInput}</arg>
<arg>password=${passwordLogin}</arg>
<doc>Types the given password into the text field identified by ``locator``.</doc>
<status status="PASS" start="2024-05-13T12:00:26.361578" elapsed="0.251998"/>
</kw>
<status status="PASS" start="2024-05-13T12:00:26.268577" elapsed="0.344999"/>
</kw>
<kw name="Passo 4: Clicar em entrar" owner="academy">
<kw name="Wait Until Element Is Visible" owner="SeleniumLibrary">
<arg>locator=${botonentrar}</arg>
<doc>Waits until the element ``locator`` is visible.</doc>
<status status="PASS" start="2024-05-13T12:00:26.615582" elapsed="0.100998"/>
</kw>
<kw name="Click Button" owner="SeleniumLibrary">
<msg time="2024-05-13T12:00:26.717587" level="INFO">Clicking button 'id:login'.</msg>
<arg>locator=${botonentrar}</arg>
<doc>Clicks the button identified by ``locator``.</doc>
<status status="PASS" start="2024-05-13T12:00:26.717587" elapsed="0.175990"/>
</kw>
<status status="PASS" start="2024-05-13T12:00:26.615582" elapsed="0.277995"/>
</kw>
<kw name="Passo 5 - Clicar em cadastro" owner="academy">
<kw name="Wait Until Element Is Visible" owner="SeleniumLibrary">
<arg>locator=${cadastro}</arg>
<doc>Waits until the element ``locator`` is visible.</doc>
<status status="PASS" start="2024-05-13T12:00:26.897583" elapsed="0.533060"/>
</kw>
<kw name="Click Element" owner="SeleniumLibrary">
<msg time="2024-05-13T12:00:27.431639" level="INFO">Clicking element '//span[@class='MuiTypography-root MuiTypography-body1 MuiListItemText-primary css-yb0lig'][contains(.,'Cadastros')]'.</msg>
<arg>locator=${cadastro}</arg>
<doc>Click the element identified by ``locator``.</doc>
<status status="PASS" start="2024-05-13T12:00:27.431639" elapsed="0.132995"/>
</kw>
<status status="PASS" start="2024-05-13T12:00:26.896577" elapsed="0.669061"/>
</kw>
<kw name="Passo 6 - Clicar em usuários" owner="academy">
<kw name="Wait Until Element Is Visible" owner="SeleniumLibrary">
<arg>locator=${usuarios}</arg>
<doc>Waits until the element ``locator`` is visible.</doc>
<status status="PASS" start="2024-05-13T12:00:27.588638" elapsed="0.069003"/>
</kw>
<kw name="Click Element" owner="SeleniumLibrary">
<msg time="2024-05-13T12:00:27.658638" level="INFO">Clicking element '//span[@class='MuiTypography-root MuiTypography-body1 MuiListItemText-primary css-yb0lig'][contains(.,'Usuários')]'.</msg>
<arg>locator=${usuarios}</arg>
<doc>Click the element identified by ``locator``.</doc>
<status status="PASS" start="2024-05-13T12:00:27.658638" elapsed="0.136000"/>
</kw>
<status status="PASS" start="2024-05-13T12:00:27.587637" elapsed="0.208001"/>
</kw>
<kw name="Passo 7 - Clicar em novo cadastro de um usuário" owner="academy">
<kw name="Wait Until Element Is Visible" owner="SeleniumLibrary">
<arg>locator=${novoCadastro}</arg>
<doc>Waits until the element ``locator`` is visible.</doc>
<status status="PASS" start="2024-05-13T12:00:27.805639" elapsed="0.219999"/>
</kw>
<kw name="Click Button" owner="SeleniumLibrary">
<msg time="2024-05-13T12:00:28.026637" level="INFO">Clicking button 'id:Novo Cadastro'.</msg>
<arg>locator=${novoCadastro}</arg>
<doc>Clicks the button identified by ``locator``.</doc>
<status status="PASS" start="2024-05-13T12:00:28.026637" elapsed="0.217001"/>
</kw>
<status status="PASS" start="2024-05-13T12:00:27.804637" elapsed="0.439001"/>
</kw>
<kw name="Passo 8 - Digitar um nome e sobrenome" owner="academy">
<kw name="Wait Until Element Is Visible" owner="SeleniumLibrary">
<arg>locator=${fullnomeinput}</arg>
<doc>Waits until the element ``locator`` is visible.</doc>
<status status="PASS" start="2024-05-13T12:00:28.265637" elapsed="0.188000"/>
</kw>
<kw name="Input Text" owner="SeleniumLibrary">
<msg time="2024-05-13T12:00:28.454637" level="INFO">Typing text 'Walter Melo' into text field 'id:fullName'.</msg>
<arg>locator=${fullnomeinput}</arg>
<arg>text=${firstlestname}</arg>
<doc>Types the given ``text`` into the text field identified by ``locator``.</doc>
<status status="PASS" start="2024-05-13T12:00:28.454637" elapsed="0.355524"/>
</kw>
<kw name="Generate Random String" owner="String">
<msg time="2024-05-13T12:00:28.811163" level="INFO">${palavra_randomica} = lEkBDTlF</msg>
<var>${palavra_randomica}</var>
<arg>8</arg>
<arg>chars=[LETTERS]</arg>
<doc>Generates a string with a desired ``length`` from the given ``chars``.</doc>
<status status="PASS" start="2024-05-13T12:00:28.810161" elapsed="0.001002"/>
</kw>
<kw name="Convert To Lower Case" owner="String">
<msg time="2024-05-13T12:00:28.812164" level="INFO">${palavra_randomica} = lekbdtlf</msg>
<var>${palavra_randomica}</var>
<arg>${palavra_randomica}</arg>
<doc>Converts string to lower case.</doc>
<status status="PASS" start="2024-05-13T12:00:28.811163" elapsed="0.001001"/>
</kw>
<kw name="Set Test Variable" owner="BuiltIn">
<msg time="2024-05-13T12:00:28.815161" level="INFO">${EMAIL_TEST} = lekbdtlf@hotmail.com</msg>
<arg>${EMAIL_TEST}</arg>
<arg>${palavra_randomica}@hotmail.com</arg>
<doc>Makes a variable available everywhere within the scope of the current test.</doc>
<status status="PASS" start="2024-05-13T12:00:28.812164" elapsed="0.002997"/>
</kw>
<kw name="Log" owner="BuiltIn">
<msg time="2024-05-13T12:00:28.816163" level="INFO">lekbdtlf@hotmail.com</msg>
<arg>${EMAIL_TEST}</arg>
<doc>Logs the given message with the given level.</doc>
<status status="PASS" start="2024-05-13T12:00:28.815161" elapsed="0.001002"/>
</kw>
<status status="PASS" start="2024-05-13T12:00:28.264637" elapsed="0.551526"/>
</kw>
<kw name="Passo 9 - Digitar mail" owner="academy">
<kw name="Wait Until Element Is Visible" owner="SeleniumLibrary">
<arg>locator=${mailinput}</arg>
<doc>Waits until the element ``locator`` is visible.</doc>
<status status="PASS" start="2024-05-13T12:00:28.820160" elapsed="0.054002"/>
</kw>
<kw name="Input Text" owner="SeleniumLibrary">
<msg time="2024-05-13T12:00:28.875165" level="INFO">Typing text 'lekbdtlf@hotmail.com' into text field 'id:mail'.</msg>
<arg>locator=${mailinput}</arg>
<arg>text=${EMAIL_TEST}</arg>
<doc>Types the given ``text`` into the text field identified by ``locator``.</doc>
<status status="PASS" start="2024-05-13T12:00:28.875165" elapsed="0.288999"/>
</kw>
<status status="PASS" start="2024-05-13T12:00:28.819164" elapsed="0.345000"/>
</kw>
<kw name="Passo 10 - Digitar perfil de acesso" owner="academy">
<kw name="Wait Until Element Is Visible" owner="SeleniumLibrary">
<arg>locator=${perfildeacessoinput}</arg>
<doc>Waits until the element ``locator`` is visible.</doc>
<status status="PASS" start="2024-05-13T12:00:29.186164" elapsed="0.066001"/>
</kw>
<kw name="Input Text" owner="SeleniumLibrary">
<msg time="2024-05-13T12:00:29.253169" level="INFO">Typing text 'ADMIN' into text field 'id:accessProfile'.</msg>
<arg>locator=${perfildeacessoinput}</arg>
<arg>text=${administrador}</arg>
<doc>Types the given ``text`` into the text field identified by ``locator``.</doc>
<status status="PASS" start="2024-05-13T12:00:29.253169" elapsed="0.259993"/>
</kw>
<status status="PASS" start="2024-05-13T12:00:29.185161" elapsed="0.328001"/>
</kw>
<kw name="Passo 11 - Digitar um cpf" owner="academy">
<kw name="Generate Random String" owner="String">
<msg time="2024-05-13T12:00:29.525165" level="INFO">${cpf_randomico} = 46303465770</msg>
<var>${cpf_randomico}</var>
<arg>11</arg>
<arg>chars=[NUMBERS]</arg>
<doc>Generates a string with a desired ``length`` from the given ``chars``.</doc>
<status status="PASS" start="2024-05-13T12:00:29.524160" elapsed="0.001005"/>
</kw>
<kw name="Set Test Variable" owner="BuiltIn">
<msg time="2024-05-13T12:00:29.527157" level="INFO">${CPF} = 46303465770</msg>
<arg>${CPF}</arg>
<arg>${cpf_randomico}</arg>
<doc>Makes a variable available everywhere within the scope of the current test.</doc>
<status status="PASS" start="2024-05-13T12:00:29.525165" elapsed="0.001992"/>
</kw>
<kw name="Log" owner="BuiltIn">
<msg time="2024-05-13T12:00:29.527157" level="INFO">46303465770</msg>
<arg>${CPF}</arg>
<doc>Logs the given message with the given level.</doc>
<status status="PASS" start="2024-05-13T12:00:29.527157" elapsed="0.001012"/>
</kw>
<kw name="Wait Until Element Is Visible" owner="SeleniumLibrary">
<arg>locator=${cpfinput}</arg>
<doc>Waits until the element ``locator`` is visible.</doc>
<status status="PASS" start="2024-05-13T12:00:29.528169" elapsed="0.061997"/>
</kw>
<kw name="Input Text" owner="SeleniumLibrary">
<msg time="2024-05-13T12:00:29.591164" level="INFO">Typing text '46303465770' into text field 'id:cpf'.</msg>
<arg>locator=${cpfinput}</arg>
<arg>text=${CPF}</arg>
<doc>Types the given ``text`` into the text field identified by ``locator``.</doc>
<status status="PASS" start="2024-05-13T12:00:29.590166" elapsed="0.291994"/>
</kw>
<status status="PASS" start="2024-05-13T12:00:29.523164" elapsed="0.358996"/>
</kw>
<kw name="Passo 12 - Digitar password" owner="academy">
<kw name="Wait Until Element Is Visible" owner="SeleniumLibrary">
<arg>locator=${passwordinput}</arg>
<doc>Waits until the element ``locator`` is visible.</doc>
<status status="PASS" start="2024-05-13T12:00:29.884159" elapsed="0.052003"/>
</kw>
<kw name="Input Password" owner="SeleniumLibrary">
<msg time="2024-05-13T12:00:29.937164" level="INFO">Typing password into text field 'confirmPassword'.</msg>
<msg time="2024-05-13T12:00:30.037690" level="INFO">Temporally setting log level to: NONE</msg>
<arg>locator=${confirmarsenha}</arg>
<arg>password=${passwordLogin}</arg>
<doc>Types the given password into the text field identified by ``locator``.</doc>
<status status="PASS" start="2024-05-13T12:00:29.937164" elapsed="0.322529"/>
</kw>
<status status="PASS" start="2024-05-13T12:00:29.883161" elapsed="0.377540"/>
</kw>
<kw name="Passo 13 - Digitar confirma senha" owner="academy">
<kw name="Wait Until Element Is Visible" owner="SeleniumLibrary">
<arg>locator=${confirmarsenha}</arg>
<doc>Waits until the element ``locator`` is visible.</doc>
<status status="PASS" start="2024-05-13T12:00:30.262694" elapsed="0.067004"/>
</kw>
<kw name="Input Password" owner="SeleniumLibrary">
<msg time="2024-05-13T12:00:30.330697" level="INFO">Typing password into text field 'confirmPassword'.</msg>
<msg time="2024-05-13T12:00:30.450690" level="INFO">Temporally setting log level to: NONE</msg>
<arg>locator=${confirmarsenha}</arg>
<arg>password=${passwordLogin}</arg>
<doc>Types the given password into the text field identified by ``locator``.</doc>
<status status="PASS" start="2024-05-13T12:00:30.329698" elapsed="0.301994"/>
</kw>
<status status="PASS" start="2024-05-13T12:00:30.262694" elapsed="0.369999"/>
</kw>
<kw name="Passo 14 - Clicar salvar novo usuário" owner="academy">
<kw name="Wait Until Element Is Visible" owner="SeleniumLibrary">
<arg>locator=${salvarnovo}</arg>
<doc>Waits until the element ``locator`` is visible.</doc>
<status status="PASS" start="2024-05-13T12:00:30.634693" elapsed="0.055999"/>
</kw>
<kw name="Click Button" owner="SeleniumLibrary">
<msg time="2024-05-13T12:00:30.691699" level="INFO">Clicking button 'save'.</msg>
<arg>locator=${salvarnovo}</arg>
<doc>Clicks the button identified by ``locator``.</doc>
<status status="PASS" start="2024-05-13T12:00:30.691699" elapsed="0.177995"/>
</kw>
<status status="PASS" start="2024-05-13T12:00:30.633689" elapsed="0.236005"/>
</kw>
<kw name="Fechar o navegador" owner="academy" type="TEARDOWN">
<kw name="Close Browser" owner="SeleniumLibrary">
<doc>Closes the current browser.</doc>
<status status="PASS" start="2024-05-13T12:00:30.876693" elapsed="2.680159"/>
</kw>
<status status="PASS" start="2024-05-13T12:00:30.875691" elapsed="2.681161"/>
</kw>
<status status="PASS" start="2024-05-13T12:00:21.681411" elapsed="11.876434"/>
</test>
<test id="s1-s3-t2" name="Teste de cadastro em branco" line="28">
<kw name="Abrir o navegador" owner="academy" type="SETUP">
<kw name="Open Browser" owner="SeleniumLibrary">
<msg time="2024-05-13T12:00:33.562839" level="INFO">Opening browser 'chrome' to base url 'None'.</msg>
<arg>browser=chrome</arg>
<doc>Opens a new browser instance to the optional ``url``.</doc>
<status status="PASS" start="2024-05-13T12:00:33.561840" elapsed="3.007110"/>
</kw>
<kw name="Maximize Browser Window" owner="SeleniumLibrary">
<doc>Maximizes current browser window.</doc>
<status status="PASS" start="2024-05-13T12:00:36.568950" elapsed="0.362999"/>
</kw>
<status status="PASS" start="2024-05-13T12:00:33.561840" elapsed="3.370109"/>
</kw>
<kw name=" Passo 1: Acessar a pagina do login QaCodersAcademy" owner="academy">
<kw name="Go To" owner="SeleniumLibrary">
<msg time="2024-05-13T12:00:36.935961" level="INFO">Opening url 'https://automacao.qacoders-academy.com.br/login'</msg>
<arg>url=${URL}</arg>
<doc>Navigates the current browser window to the provided ``url``.</doc>
<status status="PASS" start="2024-05-13T12:00:36.935961" elapsed="0.797988"/>
</kw>
<status status="PASS" start="2024-05-13T12:00:36.934950" elapsed="0.798999"/>
</kw>
<kw name="Passo 2: Digitar um email" owner="academy">
<kw name="Wait Until Element Is Visible" owner="SeleniumLibrary">
<arg>locator=${emailInput}</arg>
<doc>Waits until the element ``locator`` is visible.</doc>
<status status="PASS" start="2024-05-13T12:00:37.735950" elapsed="0.137999"/>
</kw>
<kw name="Input Text" owner="SeleniumLibrary">
<msg time="2024-05-13T12:00:37.874951" level="INFO">Typing text 'sysadmin@qacoders.com' into text field '//input[contains(@type,'text')]'.</msg>
<arg>locator=${emailInput}</arg>
<arg>text=${emailLogin}</arg>
<doc>Types the given ``text`` into the text field identified by ``locator``.</doc>
<status status="PASS" start="2024-05-13T12:00:37.874951" elapsed="0.539000"/>
</kw>
<status status="PASS" start="2024-05-13T12:00:37.735950" elapsed="0.678001"/>
</kw>
<kw name="Passo 3: Digitar uma senha" owner="academy">
<kw name="Wait Until Element Is Visible" owner="SeleniumLibrary">
<arg>locator=${senhaInput}</arg>
<doc>Waits until the element ``locator`` is visible.</doc>
<status status="PASS" start="2024-05-13T12:00:38.417954" elapsed="0.052994"/>
</kw>
<kw name="Input Password" owner="SeleniumLibrary">
<msg time="2024-05-13T12:00:38.471951" level="INFO">Typing password into text field 'id:password'.</msg>
<msg time="2024-05-13T12:00:38.550949" level="INFO">Temporally setting log level to: NONE</msg>
<arg>locator=${senhaInput}</arg>
<arg>password=${passwordLogin}</arg>
<doc>Types the given password into the text field identified by ``locator``.</doc>
<status status="PASS" start="2024-05-13T12:00:38.470948" elapsed="0.245002"/>
</kw>
<status status="PASS" start="2024-05-13T12:00:38.416951" elapsed="0.298999"/>
</kw>
<kw name="Passo 4: Clicar em entrar" owner="academy">
<kw name="Wait Until Element Is Visible" owner="SeleniumLibrary">
<arg>locator=${botonentrar}</arg>
<doc>Waits until the element ``locator`` is visible.</doc>
<status status="PASS" start="2024-05-13T12:00:38.724950" elapsed="0.053998"/>
</kw>
<kw name="Click Button" owner="SeleniumLibrary">
<msg time="2024-05-13T12:00:38.779951" level="INFO">Clicking button 'id:login'.</msg>
<arg>locator=${botonentrar}</arg>
<doc>Clicks the button identified by ``locator``.</doc>
<status status="PASS" start="2024-05-13T12:00:38.779951" elapsed="0.193068"/>
</kw>
<status status="PASS" start="2024-05-13T12:00:38.724950" elapsed="0.248069"/>
</kw>
<kw name="Passo 5 - Clicar em cadastro" owner="academy">
<kw name="Wait Until Element Is Visible" owner="SeleniumLibrary">
<arg>locator=${cadastro}</arg>
<doc>Waits until the element ``locator`` is visible.</doc>
<status status="PASS" start="2024-05-13T12:00:38.977024" elapsed="0.516994"/>
</kw>
<kw name="Click Element" owner="SeleniumLibrary">
<msg time="2024-05-13T12:00:39.495022" level="INFO">Clicking element '//span[@class='MuiTypography-root MuiTypography-body1 MuiListItemText-primary css-yb0lig'][contains(.,'Cadastros')]'.</msg>
<arg>locator=${cadastro}</arg>
<doc>Click the element identified by ``locator``.</doc>
<status status="PASS" start="2024-05-13T12:00:39.495022" elapsed="0.126998"/>
</kw>
<status status="PASS" start="2024-05-13T12:00:38.976020" elapsed="0.646000"/>
</kw>
<kw name="Passo 6 - Clicar em usuários" owner="academy">
<kw name="Wait Until Element Is Visible" owner="SeleniumLibrary">
<arg>locator=${usuarios}</arg>
<doc>Waits until the element ``locator`` is visible.</doc>
<status status="PASS" start="2024-05-13T12:00:39.627020" elapsed="0.137000"/>
</kw>
<kw name="Click Element" owner="SeleniumLibrary">
<msg time="2024-05-13T12:00:39.765026" level="INFO">Clicking element '//span[@class='MuiTypography-root MuiTypography-body1 MuiListItemText-primary css-yb0lig'][contains(.,'Usuários')]'.</msg>
<arg>locator=${usuarios}</arg>
<doc>Click the element identified by ``locator``.</doc>
<status status="PASS" start="2024-05-13T12:00:39.764020" elapsed="0.114003"/>
</kw>
<status status="PASS" start="2024-05-13T12:00:39.627020" elapsed="0.251003"/>
</kw>
<kw name="Passo 7 - Clicar em novo cadastro de um usuário" owner="academy">
<kw name="Wait Until Element Is Visible" owner="SeleniumLibrary">
<arg>locator=${novoCadastro}</arg>
<doc>Waits until the element ``locator`` is visible.</doc>
<status status="PASS" start="2024-05-13T12:00:39.895015" elapsed="0.224007"/>
</kw>
<kw name="Click Button" owner="SeleniumLibrary">
<msg time="2024-05-13T12:00:40.121022" level="INFO">Clicking button 'id:Novo Cadastro'.</msg>
<arg>locator=${novoCadastro}</arg>
<doc>Clicks the button identified by ``locator``.</doc>
<status status="PASS" start="2024-05-13T12:00:40.120023" elapsed="0.188997"/>
</kw>
<status status="PASS" start="2024-05-13T12:00:39.895015" elapsed="0.414005"/>
</kw>
<kw name="Nome sobrenome em branco" owner="academy">
<kw name="Wait Until Element Is Visible" owner="SeleniumLibrary">
<arg>locator=${fullnomeinput}</arg>
<doc>Waits until the element ``locator`` is visible.</doc>
<status status="PASS" start="2024-05-13T12:00:40.323021" elapsed="0.206005"/>
</kw>
<kw name="Input Text" owner="SeleniumLibrary">
<msg time="2024-05-13T12:00:40.530024" level="INFO">Typing text '' into text field 'id:fullName'.</msg>
<arg>locator=${fullnomeinput}</arg>
<arg>text=</arg>
<doc>Types the given ``text`` into the text field identified by ``locator``.</doc>
<status status="PASS" start="2024-05-13T12:00:40.529026" elapsed="0.266993"/>
</kw>
<status status="PASS" start="2024-05-13T12:00:40.322023" elapsed="0.473996"/>
</kw>
<kw name="Email em branco" owner="academy">
<kw name="Wait Until Element Is Visible" owner="SeleniumLibrary">
<arg>locator=${mailinput}</arg>
<doc>Waits until the element ``locator`` is visible.</doc>
<status status="PASS" start="2024-05-13T12:00:40.799023" elapsed="0.071002"/>
</kw>
<kw name="Input Text" owner="SeleniumLibrary">
<msg time="2024-05-13T12:00:40.871019" level="INFO">Typing text '' into text field 'id:mail'.</msg>
<arg>locator=${mailinput}</arg>
<arg>text=</arg>
<doc>Types the given ``text`` into the text field identified by ``locator``.</doc>
<status status="PASS" start="2024-05-13T12:00:40.870025" elapsed="0.214996"/>
</kw>
<status status="PASS" start="2024-05-13T12:00:40.798020" elapsed="0.287995"/>
</kw>
<kw name="Perfil de acesso" owner="academy">
<kw name="Wait Until Element Is Visible" owner="SeleniumLibrary">
<arg>locator=${perfildeacessoinput}</arg>
<doc>Waits until the element ``locator`` is visible.</doc>
<status status="PASS" start="2024-05-13T12:00:41.109019" elapsed="0.073001"/>
</kw>
<kw name="Input Text" owner="SeleniumLibrary">
<msg time="2024-05-13T12:00:41.183022" level="INFO">Typing text '' into text field 'id:accessProfile'.</msg>
<arg>locator=${perfildeacessoinput}</arg>
<arg>text=</arg>
<doc>Types the given ``text`` into the text field identified by ``locator``.</doc>
<status status="PASS" start="2024-05-13T12:00:41.182020" elapsed="0.224999"/>
</kw>
<status status="PASS" start="2024-05-13T12:00:41.109019" elapsed="0.298000"/>
</kw>
<kw name="CPF em branco" owner="academy">
<kw name="Wait Until Element Is Visible" owner="SeleniumLibrary">
<arg>locator=${cpfinput}</arg>
<doc>Waits until the element ``locator`` is visible.</doc>
<status status="PASS" start="2024-05-13T12:00:41.428022" elapsed="0.212059"/>
</kw>
<kw name="Input Text" owner="SeleniumLibrary">
<msg time="2024-05-13T12:00:41.641082" level="INFO">Typing text '' into text field 'id:cpf'.</msg>
<arg>locator=${cpfinput}</arg>
<arg>text=</arg>
<doc>Types the given ``text`` into the text field identified by ``locator``.</doc>
<status status="PASS" start="2024-05-13T12:00:41.641082" elapsed="0.421006"/>
</kw>
<status status="PASS" start="2024-05-13T12:00:41.428022" elapsed="0.634066"/>
</kw>
<kw name="Password em branco" owner="academy">
<kw name="Wait Until Element Is Visible" owner="SeleniumLibrary">
<arg>locator=${passwordinput}</arg>
<doc>Waits until the element ``locator`` is visible.</doc>
<status status="PASS" start="2024-05-13T12:00:42.077087" elapsed="0.105064"/>
</kw>
<kw name="Input Text" owner="SeleniumLibrary">
<msg time="2024-05-13T12:00:42.183148" level="INFO">Typing text '' into text field 'password'.</msg>
<arg>locator=${passwordinput}</arg>
<arg>text=</arg>
<doc>Types the given ``text`` into the text field identified by ``locator``.</doc>
<status status="PASS" start="2024-05-13T12:00:42.183148" elapsed="0.270002"/>
</kw>
<status status="PASS" start="2024-05-13T12:00:42.076084" elapsed="0.377066"/>
</kw>
<kw name="Confirma senha" owner="academy">
<kw name="Wait Until Element Is Visible" owner="SeleniumLibrary">
<arg>locator=${confirmarsenha}</arg>
<doc>Waits until the element ``locator`` is visible.</doc>
<status status="PASS" start="2024-05-13T12:00:42.457146" elapsed="0.079006"/>
</kw>
<kw name="Input Text" owner="SeleniumLibrary">
<msg time="2024-05-13T12:00:42.537148" level="INFO">Typing text '' into text field 'confirmPassword'.</msg>
<arg>locator=${confirmarsenha}</arg>
<arg>text=</arg>
<doc>Types the given ``text`` into the text field identified by ``locator``.</doc>
<status status="PASS" start="2024-05-13T12:00:42.536152" elapsed="0.225996"/>
</kw>
<status status="PASS" start="2024-05-13T12:00:42.456148" elapsed="0.307000"/>
</kw>
<kw name="Clicar no botão" owner="academy">
<kw name="Wait Until Element Is Visible" owner="SeleniumLibrary">
<arg>locator=${salvarnovo}</arg>
<doc>Waits until the element ``locator`` is visible.</doc>
<status status="PASS" start="2024-05-13T12:00:42.768148" elapsed="0.051004"/>
</kw>
<kw name="Click Button" owner="SeleniumLibrary">
<msg time="2024-05-13T12:00:42.821151" level="INFO">Clicking button 'save'.</msg>
<arg>locator=${salvarnovo}</arg>
<doc>Clicks the button identified by ``locator``.</doc>
<status status="PASS" start="2024-05-13T12:00:42.820150" elapsed="0.236999"/>
</kw>
<kw name="Capture Element Screenshot" owner="SeleniumLibrary">
<msg time="2024-05-13T12:00:43.441199" level="INFO" html="true">&lt;/td&gt;&lt;/tr&gt;&lt;tr&gt;&lt;td colspan="3"&gt;&lt;a href="selenium-element-screenshot-5.png"&gt;&lt;img src="selenium-element-screenshot-5.png" width="400px"&gt;&lt;/a&gt;</msg>
<arg>locator=${teladecadastro}</arg>
<doc>Captures a screenshot from the element identified by ``locator`` and embeds it into log file.</doc>
<status status="PASS" start="2024-05-13T12:00:43.057149" elapsed="0.384050"/>
</kw>
<status status="PASS" start="2024-05-13T12:00:42.767152" elapsed="0.675048"/>
</kw>
<kw name="Fechar o navegador" owner="academy" type="TEARDOWN">
<kw name="Close Browser" owner="SeleniumLibrary">
<doc>Closes the current browser.</doc>
<status status="PASS" start="2024-05-13T12:00:43.456203" elapsed="2.988592"/>
</kw>
<status status="PASS" start="2024-05-13T12:00:43.456203" elapsed="2.988592"/>
</kw>
<status status="PASS" start="2024-05-13T12:00:33.560841" elapsed="12.885952"/>
</test>
<status status="PASS" start="2024-05-13T12:00:21.665410" elapsed="24.784385"/>
</suite>
<status status="PASS" start="2024-05-13T11:59:52.503601" elapsed="53.950195"/>
</suite>
<statistics>
<total>
<stat pass="5" fail="0" skip="0">All Tests</stat>
</total>
<tag>
</tag>
<suite>
<stat pass="5" fail="0" skip="0" id="s1" name="Tests">Tests</stat>
<stat pass="1" fail="0" skip="0" id="s1-s1" name="Diretoria">Tests.Diretoria</stat>
<stat pass="2" fail="0" skip="0" id="s1-s2" name="Login">Tests.Login</stat>
<stat pass="2" fail="0" skip="0" id="s1-s3" name="Usuario">Tests.Usuario</stat>
</suite>
</statistics>
<errors>
</errors>
</robot>
