<?xml version="1.0" encoding="UTF-8"?>
<robot generator="Robot 7.0 (Python 3.12.2 on win32)" generated="2024-05-13T12:27:35.064315" rpa="false" schemaversion="5">
<suite id="s1" name="Tests" source="C:\AcademyRobot\Automoçao-AcademyRobot\tests">
<suite id="s1-s1" name="Diretoria" source="C:\AcademyRobot\Automoçao-AcademyRobot\tests\diretoria.robot">
<test id="s1-s1-t1" name="Teste diretoria" line="9">
<kw name="Abrir o navegador" owner="academy" type="SETUP">
<kw name="Open Browser" owner="SeleniumLibrary">
<msg time="2024-05-13T12:27:35.813314" level="INFO">Opening browser 'headlesschrome' to base url 'None'.</msg>
<arg>browser=headlesschrome</arg>
<doc>Opens a new browser instance to the optional ``url``.</doc>
<status status="PASS" start="2024-05-13T12:27:35.812315" elapsed="4.216595"/>
</kw>
<kw name="Maximize Browser Window" owner="SeleniumLibrary">
<doc>Maximizes current browser window.</doc>
<status status="PASS" start="2024-05-13T12:27:40.029910" elapsed="0.110002"/>
</kw>
<status status="PASS" start="2024-05-13T12:27:35.810315" elapsed="4.329597"/>
</kw>
<kw name=" Passo 1: Acessar a pagina do login QaCodersAcademy" owner="academy">
<kw name="Go To" owner="SeleniumLibrary">
<msg time="2024-05-13T12:27:40.143912" level="INFO">Opening url 'https://automacao.qacoders-academy.com.br/login'</msg>
<arg>url=${URL}</arg>
<doc>Navigates the current browser window to the provided ``url``.</doc>
<status status="PASS" start="2024-05-13T12:27:40.142915" elapsed="1.471528"/>
</kw>
<status status="PASS" start="2024-05-13T12:27:40.141913" elapsed="1.472530"/>
</kw>
<kw name="Passo 2: Digitar um email" owner="academy">
<kw name="Wait Until Element Is Visible" owner="SeleniumLibrary">
<arg>locator=${emailInput}</arg>
<doc>Waits until the element ``locator`` is visible.</doc>
<status status="PASS" start="2024-05-13T12:27:41.624441" elapsed="0.140999"/>
</kw>
<kw name="Input Text" owner="SeleniumLibrary">
<msg time="2024-05-13T12:27:41.767441" level="INFO">Typing text 'sysadmin@qacoders.com' into text field '//input[contains(@type,'text')]'.</msg>
<arg>locator=${emailInput}</arg>
<arg>text=${emailLogin}</arg>
<doc>Types the given ``text`` into the text field identified by ``locator``.</doc>
<status status="PASS" start="2024-05-13T12:27:41.766446" elapsed="0.403995"/>
</kw>
<status status="PASS" start="2024-05-13T12:27:41.623443" elapsed="0.546998"/>
</kw>
<kw name="Passo 3: Digitar uma senha" owner="academy">
<kw name="Wait Until Element Is Visible" owner="SeleniumLibrary">
<arg>locator=${senhaInput}</arg>
<doc>Waits until the element ``locator`` is visible.</doc>
<status status="PASS" start="2024-05-13T12:27:42.174444" elapsed="0.063537"/>
</kw>
<kw name="Input Password" owner="SeleniumLibrary">
<msg time="2024-05-13T12:27:42.238979" level="INFO">Typing password into text field 'id:password'.</msg>
<msg time="2024-05-13T12:27:42.325974" level="INFO">Temporally setting log level to: NONE</msg>
<arg>locator=${senhaInput}</arg>
<arg>password=${passwordLogin}</arg>
<doc>Types the given password into the text field identified by ``locator``.</doc>
<status status="PASS" start="2024-05-13T12:27:42.237981" elapsed="0.229998"/>
</kw>
<status status="PASS" start="2024-05-13T12:27:42.173445" elapsed="0.294534"/>
</kw>
<kw name="Passo 4: Clicar em entrar" owner="academy">
<kw name="Wait Until Element Is Visible" owner="SeleniumLibrary">
<arg>locator=${botonentrar}</arg>
<doc>Waits until the element ``locator`` is visible.</doc>
<status status="PASS" start="2024-05-13T12:27:42.476983" elapsed="0.067998"/>
</kw>
<kw name="Click Button" owner="SeleniumLibrary">
<msg time="2024-05-13T12:27:42.545982" level="INFO">Clicking button 'id:login'.</msg>
<arg>locator=${botonentrar}</arg>
<doc>Clicks the button identified by ``locator``.</doc>
<status status="PASS" start="2024-05-13T12:27:42.545982" elapsed="0.201998"/>
</kw>
<status status="PASS" start="2024-05-13T12:27:42.475980" elapsed="0.272999"/>
</kw>
<kw name="Passo 5 - Clicar em cadastro" owner="academy">
<kw name="Wait Until Element Is Visible" owner="SeleniumLibrary">
<arg>locator=${cadastro}</arg>
<doc>Waits until the element ``locator`` is visible.</doc>
<status status="PASS" start="2024-05-13T12:27:42.763976" elapsed="0.494005"/>
</kw>
<kw name="Click Element" owner="SeleniumLibrary">
<msg time="2024-05-13T12:27:43.257981" level="INFO">Clicking element '//span[@class='MuiTypography-root MuiTypography-body1 MuiListItemText-primary css-yb0lig'][contains(.,'Cadastros')]'.</msg>
<arg>locator=${cadastro}</arg>
<doc>Click the element identified by ``locator``.</doc>
<status status="PASS" start="2024-05-13T12:27:43.257981" elapsed="0.137998"/>
</kw>
<status status="PASS" start="2024-05-13T12:27:42.763976" elapsed="0.632003"/>
</kw>
<kw name="Clicar diretoria" owner="academy">
<kw name="Wait Until Element Is Visible" owner="SeleniumLibrary">
<arg>locator=${clicardiretoria}</arg>
<doc>Waits until the element ``locator`` is visible.</doc>
<status status="PASS" start="2024-05-13T12:27:43.397979" elapsed="0.081532"/>
</kw>
<kw name="Click Element" owner="SeleniumLibrary">
<msg time="2024-05-13T12:27:43.480510" level="INFO">Clicking element '//span[@class='MuiTypography-root MuiTypography-body1 MuiListItemText-primary css-yb0lig'][contains(.,'Diretorias')]'.</msg>
<arg>locator=${clicardiretoria}</arg>
<doc>Click the element identified by ``locator``.</doc>
<status status="PASS" start="2024-05-13T12:27:43.479511" elapsed="0.155526"/>
</kw>
<status status="PASS" start="2024-05-13T12:27:43.396979" elapsed="0.239060"/>
</kw>
<kw name="Clicar no botão cadastro" owner="academy">
<kw name="Wait Until Element Is Visible" owner="SeleniumLibrary">
<arg>locator=${butonnovocadastro}</arg>
<doc>Waits until the element ``locator`` is visible.</doc>
<status status="PASS" start="2024-05-13T12:27:43.641039" elapsed="0.239999"/>
</kw>
<kw name="Click Button" owner="SeleniumLibrary">
<msg time="2024-05-13T12:27:43.883035" level="INFO">Clicking button 'id:Novo Cadastro'.</msg>
<arg>locator=${butonnovocadastro}</arg>
<doc>Clicks the button identified by ``locator``.</doc>
<status status="PASS" start="2024-05-13T12:27:43.882038" elapsed="0.259534"/>
</kw>
<status status="PASS" start="2024-05-13T12:27:43.640037" elapsed="0.501535"/>
</kw>
<kw name="Digitar nome" owner="academy">
<kw name="Generate Random String" owner="String">
<msg time="2024-05-13T12:27:44.188570" level="INFO">${nome_randomica} = KpFHsoft</msg>
<var>${nome_randomica}</var>
<arg>8</arg>
<arg>chars=[LETTERS]</arg>
<doc>Generates a string with a desired ``length`` from the given ``chars``.</doc>
<status status="PASS" start="2024-05-13T12:27:44.186566" elapsed="0.002004"/>
</kw>
<kw name="Convert To Lower Case" owner="String">
<msg time="2024-05-13T12:27:44.189570" level="INFO">${nome_randomica} = kpfhsoft</msg>
<var>${nome_randomica}</var>
<arg>${nome_randomica}</arg>
<doc>Converts string to lower case.</doc>
<status status="PASS" start="2024-05-13T12:27:44.189570" elapsed="0.000000"/>
</kw>
<kw name="Set Test Variable" owner="BuiltIn">
<msg time="2024-05-13T12:27:44.195569" level="INFO">${doboard} = kpfhsoft</msg>
<arg>${doboard}</arg>
<arg>${nome_randomica}</arg>
<doc>Makes a variable available everywhere within the scope of the current test.</doc>
<status status="PASS" start="2024-05-13T12:27:44.190570" elapsed="0.005992"/>
</kw>
<kw name="Log" owner="BuiltIn">
<msg time="2024-05-13T12:27:44.196562" level="INFO">kpfhsoft</msg>
<arg>${doboard}</arg>
<doc>Logs the given message with the given level.</doc>
<status status="PASS" start="2024-05-13T12:27:44.196562" elapsed="0.001003"/>
</kw>
<kw name="Wait Until Element Is Visible" owner="SeleniumLibrary">
<arg>locator=${nomediretoria}</arg>
<doc>Waits until the element ``locator`` is visible.</doc>
<status status="PASS" start="2024-05-13T12:27:44.200568" elapsed="0.171000"/>
</kw>
<kw name="Input Text" owner="SeleniumLibrary">
<msg time="2024-05-13T12:27:44.372569" level="INFO">Typing text 'kpfhsoft' into text field 'boardName'.</msg>
<arg>locator=${nomediretoria}</arg>
<arg>text=${doboard}</arg>
<doc>Types the given ``text`` into the text field identified by ``locator``.</doc>
<status status="PASS" start="2024-05-13T12:27:44.372569" elapsed="0.245004"/>
</kw>
<status status="PASS" start="2024-05-13T12:27:44.186566" elapsed="0.431007"/>
</kw>
<kw name="Clicar no botão novo da board" owner="academy">
<kw name="Wait Until Element Is Visible" owner="SeleniumLibrary">
<arg>locator=${salvar}</arg>
<doc>Waits until the element ``locator`` is visible.</doc>
<status status="PASS" start="2024-05-13T12:27:44.620570" elapsed="0.052522"/>
</kw>
<kw name="Click Button" owner="SeleniumLibrary">
<msg time="2024-05-13T12:27:44.674090" level="INFO">Clicking button '//button[@type='submit'][contains(.,'SALVAR NOVO')]'.</msg>
<arg>locator=${salvar}</arg>
<doc>Clicks the button identified by ``locator``.</doc>
<status status="PASS" start="2024-05-13T12:27:44.673092" elapsed="0.159002"/>
</kw>
<status status="PASS" start="2024-05-13T12:27:44.620570" elapsed="0.211524"/>
</kw>
<kw name="Clicar botão editar" owner="academy">
<kw name="Wait Until Element Is Visible" owner="SeleniumLibrary">
<arg>locator=${editar}</arg>
<doc>Waits until the element ``locator`` is visible.</doc>
<status status="PASS" start="2024-05-13T12:27:44.834094" elapsed="0.064002"/>
</kw>
<kw name="Click Button" owner="SeleniumLibrary">
<msg time="2024-05-13T12:27:44.899098" level="INFO">Clicking button 'id:edit'.</msg>
<arg>locator=${editar}</arg>
<doc>Clicks the button identified by ``locator``.</doc>
<status status="PASS" start="2024-05-13T12:27:44.899098" elapsed="1.060997"/>
</kw>
<status status="PASS" start="2024-05-13T12:27:44.833093" elapsed="1.128003"/>
</kw>
<kw name="Editar novo nome da diretoria" owner="academy">
<kw name="Generate Random String" owner="String">
<msg time="2024-05-13T12:27:45.983093" level="INFO">${editar_randomica} = SlqcfPtE</msg>
<var>${editar_randomica}</var>
<arg>8</arg>
<arg>chars=[LETTERS]</arg>
<doc>Generates a string with a desired ``length`` from the given ``chars``.</doc>
<status status="PASS" start="2024-05-13T12:27:45.983093" elapsed="0.001000"/>
</kw>
<kw name="Convert To Lower Case" owner="String">
<msg time="2024-05-13T12:27:45.985090" level="INFO">${editar_randomica} = slqcfpte</msg>
<var>${editar_randomica}</var>
<arg>${editar_randomica}</arg>
<doc>Converts string to lower case.</doc>
<status status="PASS" start="2024-05-13T12:27:45.984093" elapsed="0.001996"/>
</kw>
<kw name="Set Test Variable" owner="BuiltIn">
<msg time="2024-05-13T12:27:45.988091" level="INFO">${editardoboard} = slqcfpte</msg>
<arg>${editardoboard}</arg>
<arg>${editar_randomica}</arg>
<doc>Makes a variable available everywhere within the scope of the current test.</doc>
<status status="PASS" start="2024-05-13T12:27:45.986089" elapsed="0.002999"/>
</kw>
<kw name="Log" owner="BuiltIn">
<msg time="2024-05-13T12:27:45.991093" level="INFO">slqcfpte</msg>
<arg>${editardoboard}</arg>
<doc>Logs the given message with the given level.</doc>
<status status="PASS" start="2024-05-13T12:27:45.990094" elapsed="0.000999"/>
</kw>
<kw name="Wait Until Element Is Visible" owner="SeleniumLibrary">
<arg>locator=${alterarnome}</arg>
<doc>Waits until the element ``locator`` is visible.</doc>
<status status="PASS" start="2024-05-13T12:27:45.992092" elapsed="0.113001"/>
</kw>
<kw name="Input Text" owner="SeleniumLibrary">
<msg time="2024-05-13T12:27:46.106096" level="INFO">Typing text 'slqcfpte' into text field 'id:boardName'.</msg>
<arg>locator=${alterarnome}</arg>
<arg>text=${editardoboard}</arg>
<doc>Types the given ``text`` into the text field identified by ``locator``.</doc>
<status status="PASS" start="2024-05-13T12:27:46.106096" elapsed="0.285995"/>
</kw>
<status status="PASS" start="2024-05-13T12:27:45.981088" elapsed="0.411003"/>
</kw>
<kw name="Salvar nova alteração da diretoria" owner="academy">
<kw name="Wait Until Element Is Visible" owner="SeleniumLibrary">
<arg>locator=${novaalteraçaosalvar}</arg>
<doc>Waits until the element ``locator`` is visible.</doc>
<status status="PASS" start="2024-05-13T12:27:46.394093" elapsed="0.071995"/>
</kw>
<kw name="Click Button" owner="SeleniumLibrary">
<msg time="2024-05-13T12:27:46.467094" level="INFO">Clicking button '//button[@type='submit'][contains(.,'SALVAR ALTERAÇOES')]'.</msg>
<arg>locator=${novaalteraçaosalvar}</arg>
<doc>Clicks the button identified by ``locator``.</doc>
<status status="PASS" start="2024-05-13T12:27:46.466088" elapsed="0.157006"/>
</kw>
<status status="PASS" start="2024-05-13T12:27:46.393090" elapsed="0.231007"/>
</kw>
<kw name="Clicar em sair" owner="academy">
<kw name="Wait Until Element Is Visible" owner="SeleniumLibrary">
<arg>locator=${sair}</arg>
<doc>Waits until the element ``locator`` is visible.</doc>
<status status="PASS" start="2024-05-13T12:27:46.640093" elapsed="0.056004"/>
</kw>
<kw name="Click Button" owner="SeleniumLibrary">
<msg time="2024-05-13T12:27:46.697095" level="INFO">Clicking button '//button[@class='css-1nvbq2d'][contains(.,'Logout')]'.</msg>
<arg>locator=${sair}</arg>
<doc>Clicks the button identified by ``locator``.</doc>
<status status="PASS" start="2024-05-13T12:27:46.697095" elapsed="0.191996"/>
</kw>
<status status="PASS" start="2024-05-13T12:27:46.639090" elapsed="0.250001"/>
</kw>
<kw name="Fechar o navegador" owner="academy" type="TEARDOWN">
<kw name="Close Browser" owner="SeleniumLibrary">
<doc>Closes the current browser.</doc>
<status status="PASS" start="2024-05-13T12:27:46.895092" elapsed="2.495003"/>
</kw>
<status status="PASS" start="2024-05-13T12:27:46.894091" elapsed="2.496004"/>
</kw>
<status status="PASS" start="2024-05-13T12:27:35.808316" elapsed="13.582773"/>
</test>
<status status="PASS" start="2024-05-13T12:27:35.131320" elapsed="14.262770"/>
</suite>
<suite id="s1-s2" name="Login" source="C:\AcademyRobot\Automoçao-AcademyRobot\tests\login.robot">
<test id="s1-s2-t1" name="Cenário de teste 1: Login" line="9">
<kw name="Abrir o navegador" owner="academy" type="SETUP">
<kw name="Open Browser" owner="SeleniumLibrary">
<msg time="2024-05-13T12:27:49.421095" level="INFO">Opening browser 'headlesschrome' to base url 'None'.</msg>
<arg>browser=headlesschrome</arg>
<doc>Opens a new browser instance to the optional ``url``.</doc>
<status status="PASS" start="2024-05-13T12:27:49.421095" elapsed="3.540154"/>
</kw>
<kw name="Maximize Browser Window" owner="SeleniumLibrary">
<doc>Maximizes current browser window.</doc>
<status status="PASS" start="2024-05-13T12:27:52.962253" elapsed="0.065049"/>
</kw>
<status status="PASS" start="2024-05-13T12:27:49.419096" elapsed="3.609202"/>
</kw>
<kw name=" Passo 1: Acessar a pagina do login QaCodersAcademy" owner="academy">
<kw name="Go To" owner="SeleniumLibrary">
<msg time="2024-05-13T12:27:53.030302" level="INFO">Opening url 'https://automacao.qacoders-academy.com.br/login'</msg>
<arg>url=${URL}</arg>
<doc>Navigates the current browser window to the provided ``url``.</doc>
<status status="PASS" start="2024-05-13T12:27:53.030302" elapsed="0.527175"/>
</kw>
<status status="PASS" start="2024-05-13T12:27:53.029299" elapsed="0.528178"/>
</kw>
<kw name="Passo 2: Digitar um email" owner="academy">
<kw name="Wait Until Element Is Visible" owner="SeleniumLibrary">
<arg>locator=${emailInput}</arg>
<doc>Waits until the element ``locator`` is visible.</doc>
<status status="PASS" start="2024-05-13T12:27:53.565475" elapsed="0.133998"/>
</kw>
<kw name="Input Text" owner="SeleniumLibrary">
<msg time="2024-05-13T12:27:53.699473" level="INFO">Typing text 'sysadmin@qacoders.com' into text field '//input[contains(@type,'text')]'.</msg>
<arg>locator=${emailInput}</arg>
<arg>text=${emailLogin}</arg>
<doc>Types the given ``text`` into the text field identified by ``locator``.</doc>
<status status="PASS" start="2024-05-13T12:27:53.699473" elapsed="0.624003"/>
</kw>
<status status="PASS" start="2024-05-13T12:27:53.565475" elapsed="0.758001"/>
</kw>
<kw name="Passo 3: Digitar uma senha" owner="academy">
<kw name="Wait Until Element Is Visible" owner="SeleniumLibrary">
<arg>locator=${senhaInput}</arg>
<doc>Waits until the element ``locator`` is visible.</doc>
<status status="PASS" start="2024-05-13T12:27:54.326476" elapsed="0.070002"/>
</kw>
<kw name="Input Password" owner="SeleniumLibrary">
<msg time="2024-05-13T12:27:54.398477" level="INFO">Typing password into text field 'id:password'.</msg>
<msg time="2024-05-13T12:27:54.484475" level="INFO">Temporally setting log level to: NONE</msg>
<arg>locator=${senhaInput}</arg>
<arg>password=${passwordLogin}</arg>
<doc>Types the given password into the text field identified by ``locator``.</doc>
<status status="PASS" start="2024-05-13T12:27:54.398477" elapsed="0.230004"/>
</kw>
<status status="PASS" start="2024-05-13T12:27:54.325476" elapsed="0.303005"/>
</kw>
<kw name="Passo 4: Clicar em entrar" owner="academy">
<kw name="Wait Until Element Is Visible" owner="SeleniumLibrary">
<arg>locator=${botonentrar}</arg>
<doc>Waits until the element ``locator`` is visible.</doc>
<status status="PASS" start="2024-05-13T12:27:54.630478" elapsed="0.094999"/>
</kw>
<kw name="Click Button" owner="SeleniumLibrary">
<msg time="2024-05-13T12:27:54.726478" level="INFO">Clicking button 'id:login'.</msg>
<arg>locator=${botonentrar}</arg>
<doc>Clicks the button identified by ``locator``.</doc>
<status status="PASS" start="2024-05-13T12:27:54.726478" elapsed="0.211056"/>
</kw>
<status status="PASS" start="2024-05-13T12:27:54.629478" elapsed="0.308056"/>
</kw>
<kw name="Fechar o navegador" owner="academy" type="TEARDOWN">
<kw name="Close Browser" owner="SeleniumLibrary">
<doc>Closes the current browser.</doc>
<status status="PASS" start="2024-05-13T12:27:54.942531" elapsed="3.377101"/>
</kw>
<status status="PASS" start="2024-05-13T12:27:54.941531" elapsed="3.378101"/>
</kw>
<status status="PASS" start="2024-05-13T12:27:49.418091" elapsed="8.903533"/>
</test>
<test id="s1-s2-t2" name="Cenario de teste 2: login Inválido" line="15">
<kw name="Abrir o navegador" owner="academy" type="SETUP">
<kw name="Open Browser" owner="SeleniumLibrary">
<msg time="2024-05-13T12:27:58.326629" level="INFO">Opening browser 'headlesschrome' to base url 'None'.</msg>
<arg>browser=headlesschrome</arg>
<doc>Opens a new browser instance to the optional ``url``.</doc>
<status status="PASS" start="2024-05-13T12:27:58.326629" elapsed="2.812069"/>
</kw>
<kw name="Maximize Browser Window" owner="SeleniumLibrary">
<doc>Maximizes current browser window.</doc>
<status status="PASS" start="2024-05-13T12:28:01.139700" elapsed="0.064997"/>
</kw>
<status status="PASS" start="2024-05-13T12:27:58.325630" elapsed="2.879067"/>
</kw>
<kw name=" Passo 1: Acessar a pagina do login QaCodersAcademy" owner="academy">
<kw name="Go To" owner="SeleniumLibrary">
<msg time="2024-05-13T12:28:01.208701" level="INFO">Opening url 'https://automacao.qacoders-academy.com.br/login'</msg>
<arg>url=${URL}</arg>
<doc>Navigates the current browser window to the provided ``url``.</doc>
<status status="PASS" start="2024-05-13T12:28:01.207700" elapsed="0.641997"/>
</kw>
<status status="PASS" start="2024-05-13T12:28:01.207700" elapsed="0.641997"/>
</kw>
<kw name="Digitar um email invalido de login" owner="academy">
<kw name="Wait Until Element Is Visible" owner="SeleniumLibrary">
<arg>locator=${emailInput}</arg>
<doc>Waits until the element ``locator`` is visible.</doc>
<status status="PASS" start="2024-05-13T12:28:01.853695" elapsed="0.129002"/>
</kw>
<kw name="Input Text" owner="SeleniumLibrary">
<msg time="2024-05-13T12:28:01.983701" level="INFO">Typing text 'email.com' into text field '//input[contains(@type,'text')]'.</msg>
<arg>locator=${emailInput}</arg>
<arg>text=email.com</arg>
<doc>Types the given ``text`` into the text field identified by ``locator``.</doc>
<status status="PASS" start="2024-05-13T12:28:01.982697" elapsed="0.355528"/>
</kw>
<kw name="Wait Until Element Is Visible" owner="SeleniumLibrary">
<arg>locator=${senhaInput}</arg>
<doc>Waits until the element ``locator`` is visible.</doc>
<status status="PASS" start="2024-05-13T12:28:02.338225" elapsed="0.054004"/>
</kw>
<kw name="Input Password" owner="SeleniumLibrary">
<msg time="2024-05-13T12:28:02.393225" level="INFO">Typing password into text field 'id:password'.</msg>
<msg time="2024-05-13T12:28:02.484226" level="INFO">Temporally setting log level to: NONE</msg>
<arg>locator=${senhaInput}</arg>
<arg>password=${passwordLogin}</arg>
<doc>Types the given password into the text field identified by ``locator``.</doc>
<status status="PASS" start="2024-05-13T12:28:02.393225" elapsed="0.267009"/>
</kw>
<kw name="Capture Element Screenshot" owner="SeleniumLibrary">
<msg time="2024-05-13T12:28:02.852230" level="INFO" html="true">&lt;/td&gt;&lt;/tr&gt;&lt;tr&gt;&lt;td colspan="3"&gt;&lt;a href="selenium-element-screenshot-6.png"&gt;&lt;img src="selenium-element-screenshot-6.png" width="400px"&gt;&lt;/a&gt;</msg>
<arg>locator=${teladelogin}</arg>
<doc>Captures a screenshot from the element identified by ``locator`` and embeds it into log file.</doc>
<status status="PASS" start="2024-05-13T12:28:02.661229" elapsed="0.191001"/>
</kw>
<status status="PASS" start="2024-05-13T12:28:01.853695" elapsed="0.998535"/>
</kw>
<kw name="Passo 4: Clicar em entrar" owner="academy">
<kw name="Wait Until Element Is Visible" owner="SeleniumLibrary">
<arg>locator=${botonentrar}</arg>
<doc>Waits until the element ``locator`` is visible.</doc>
<status status="PASS" start="2024-05-13T12:28:02.857225" elapsed="0.049002"/>
</kw>
<kw name="Click Button" owner="SeleniumLibrary">
<msg time="2024-05-13T12:28:02.907228" level="INFO">Clicking button 'id:login'.</msg>
<arg>locator=${botonentrar}</arg>
<doc>Clicks the button identified by ``locator``.</doc>
<status status="PASS" start="2024-05-13T12:28:02.907228" elapsed="0.180999"/>
</kw>
<status status="PASS" start="2024-05-13T12:28:02.856228" elapsed="0.231999"/>
</kw>
<kw name="Fechar o navegador" owner="academy" type="TEARDOWN">
<kw name="Close Browser" owner="SeleniumLibrary">
<doc>Closes the current browser.</doc>
<status status="PASS" start="2024-05-13T12:28:03.091224" elapsed="2.398002"/>
</kw>
<status status="PASS" start="2024-05-13T12:28:03.090228" elapsed="2.398998"/>
</kw>
<status status="PASS" start="2024-05-13T12:27:58.324624" elapsed="7.165603"/>
</test>
<status status="PASS" start="2024-05-13T12:27:49.398092" elapsed="16.094135"/>
</suite>
<suite id="s1-s3" name="Usuario" source="C:\AcademyRobot\Automoçao-AcademyRobot\tests\usuario.robot">
<test id="s1-s3-t1" name="teste do usuário" line="12">
<kw name="Abrir o navegador" owner="academy" type="SETUP">
<kw name="Open Browser" owner="SeleniumLibrary">
<msg time="2024-05-13T12:28:05.513229" level="INFO">Opening browser 'headlesschrome' to base url 'None'.</msg>
<arg>browser=headlesschrome</arg>
<doc>Opens a new browser instance to the optional ``url``.</doc>
<status status="PASS" start="2024-05-13T12:28:05.512227" elapsed="2.822584"/>
</kw>
<kw name="Maximize Browser Window" owner="SeleniumLibrary">
<doc>Maximizes current browser window.</doc>
<status status="PASS" start="2024-05-13T12:28:08.335815" elapsed="0.067996"/>
</kw>
<status status="PASS" start="2024-05-13T12:28:05.512227" elapsed="2.891584"/>
</kw>
<kw name=" Passo 1: Acessar a pagina do login QaCodersAcademy" owner="academy">
<kw name="Go To" owner="SeleniumLibrary">
<msg time="2024-05-13T12:28:08.407811" level="INFO">Opening url 'https://automacao.qacoders-academy.com.br/login'</msg>
<arg>url=${URL}</arg>
<doc>Navigates the current browser window to the provided ``url``.</doc>
<status status="PASS" start="2024-05-13T12:28:08.406807" elapsed="0.588530"/>
</kw>
<status status="PASS" start="2024-05-13T12:28:08.406807" elapsed="0.588530"/>
</kw>
<kw name="Passo 2: Digitar um email" owner="academy">
<kw name="Wait Until Element Is Visible" owner="SeleniumLibrary">
<arg>locator=${emailInput}</arg>
<doc>Waits until the element ``locator`` is visible.</doc>
<status status="PASS" start="2024-05-13T12:28:09.031336" elapsed="0.138002"/>
</kw>
<kw name="Input Text" owner="SeleniumLibrary">
<msg time="2024-05-13T12:28:09.170337" level="INFO">Typing text 'sysadmin@qacoders.com' into text field '//input[contains(@type,'text')]'.</msg>
<arg>locator=${emailInput}</arg>
<arg>text=${emailLogin}</arg>
<doc>Types the given ``text`` into the text field identified by ``locator``.</doc>
<status status="PASS" start="2024-05-13T12:28:09.170337" elapsed="0.465530"/>
</kw>
<status status="PASS" start="2024-05-13T12:28:09.030337" elapsed="0.606535"/>
</kw>
<kw name="Passo 3: Digitar uma senha" owner="academy">
<kw name="Wait Until Element Is Visible" owner="SeleniumLibrary">
<arg>locator=${senhaInput}</arg>
<doc>Waits until the element ``locator`` is visible.</doc>
<status status="PASS" start="2024-05-13T12:28:09.640867" elapsed="0.068000"/>
</kw>
<kw name="Input Password" owner="SeleniumLibrary">
<msg time="2024-05-13T12:28:09.709867" level="INFO">Typing password into text field 'id:password'.</msg>
<msg time="2024-05-13T12:28:09.788871" level="INFO">Temporally setting log level to: NONE</msg>
<arg>locator=${senhaInput}</arg>
<arg>password=${passwordLogin}</arg>
<doc>Types the given password into the text field identified by ``locator``.</doc>
<status status="PASS" start="2024-05-13T12:28:09.709867" elapsed="0.231003"/>
</kw>
<status status="PASS" start="2024-05-13T12:28:09.639867" elapsed="0.301003"/>
</kw>
<kw name="Passo 4: Clicar em entrar" owner="academy">
<kw name="Wait Until Element Is Visible" owner="SeleniumLibrary">
<arg>locator=${botonentrar}</arg>
<doc>Waits until the element ``locator`` is visible.</doc>
<status status="PASS" start="2024-05-13T12:28:09.950865" elapsed="0.075008"/>
</kw>
<kw name="Click Button" owner="SeleniumLibrary">
<msg time="2024-05-13T12:28:10.027868" level="INFO">Clicking button 'id:login'.</msg>
<arg>locator=${botonentrar}</arg>
<doc>Clicks the button identified by ``locator``.</doc>
<status status="PASS" start="2024-05-13T12:28:10.025873" elapsed="0.205998"/>
</kw>
<status status="PASS" start="2024-05-13T12:28:09.949868" elapsed="0.282003"/>
</kw>
<kw name="Passo 5 - Clicar em cadastro" owner="academy">
<kw name="Wait Until Element Is Visible" owner="SeleniumLibrary">
<arg>locator=${cadastro}</arg>
<doc>Waits until the element ``locator`` is visible.</doc>
<status status="PASS" start="2024-05-13T12:28:10.233868" elapsed="0.535050"/>
</kw>
<kw name="Click Element" owner="SeleniumLibrary">
<msg time="2024-05-13T12:28:10.769918" level="INFO">Clicking element '//span[@class='MuiTypography-root MuiTypography-body1 MuiListItemText-primary css-yb0lig'][contains(.,'Cadastros')]'.</msg>
<arg>locator=${cadastro}</arg>
<doc>Click the element identified by ``locator``.</doc>
<status status="PASS" start="2024-05-13T12:28:10.768918" elapsed="0.129000"/>
</kw>
<status status="PASS" start="2024-05-13T12:28:10.232868" elapsed="0.666053"/>
</kw>
<kw name="Passo 6 - Clicar em usuários" owner="academy">
<kw name="Wait Until Element Is Visible" owner="SeleniumLibrary">
<arg>locator=${usuarios}</arg>
<doc>Waits until the element ``locator`` is visible.</doc>
<status status="PASS" start="2024-05-13T12:28:10.899918" elapsed="0.059055"/>
</kw>
<kw name="Click Element" owner="SeleniumLibrary">
<msg time="2024-05-13T12:28:10.959975" level="INFO">Clicking element '//span[@class='MuiTypography-root MuiTypography-body1 MuiListItemText-primary css-yb0lig'][contains(.,'Usuários')]'.</msg>
<arg>locator=${usuarios}</arg>
<doc>Click the element identified by ``locator``.</doc>
<status status="PASS" start="2024-05-13T12:28:10.958973" elapsed="0.179999"/>
</kw>
<status status="PASS" start="2024-05-13T12:28:10.899918" elapsed="0.240059"/>
</kw>
<kw name="Passo 7 - Clicar em novo cadastro de um usuário" owner="academy">
<kw name="Wait Until Element Is Visible" owner="SeleniumLibrary">
<arg>locator=${novoCadastro}</arg>
<doc>Waits until the element ``locator`` is visible.</doc>
<status status="PASS" start="2024-05-13T12:28:11.169973" elapsed="0.212005"/>
</kw>
<kw name="Click Button" owner="SeleniumLibrary">
<msg time="2024-05-13T12:28:11.381978" level="INFO">Clicking button 'id:Novo Cadastro'.</msg>
<arg>locator=${novoCadastro}</arg>
<doc>Clicks the button identified by ``locator``.</doc>
<status status="PASS" start="2024-05-13T12:28:11.381978" elapsed="0.222995"/>
</kw>
<status status="PASS" start="2024-05-13T12:28:11.169973" elapsed="0.435000"/>
</kw>
<kw name="Passo 8 - Digitar um nome e sobrenome" owner="academy">
<kw name="Wait Until Element Is Visible" owner="SeleniumLibrary">
<arg>locator=${fullnomeinput}</arg>
<doc>Waits until the element ``locator`` is visible.</doc>
<status status="PASS" start="2024-05-13T12:28:11.608978" elapsed="0.182000"/>
</kw>
<kw name="Input Text" owner="SeleniumLibrary">
<msg time="2024-05-13T12:28:11.791976" level="INFO">Typing text 'Walter Melo' into text field 'id:fullName'.</msg>
<arg>locator=${fullnomeinput}</arg>
<arg>text=${firstlestname}</arg>
<doc>Types the given ``text`` into the text field identified by ``locator``.</doc>
<status status="PASS" start="2024-05-13T12:28:11.791976" elapsed="0.316998"/>
</kw>
<kw name="Generate Random String" owner="String">
<msg time="2024-05-13T12:28:12.109972" level="INFO">${palavra_randomica} = rVomVTUu</msg>
<var>${palavra_randomica}</var>
<arg>8</arg>
<arg>chars=[LETTERS]</arg>
<doc>Generates a string with a desired ``length`` from the given ``chars``.</doc>
<status status="PASS" start="2024-05-13T12:28:12.109972" elapsed="0.000000"/>
</kw>
<kw name="Convert To Lower Case" owner="String">
<msg time="2024-05-13T12:28:12.110976" level="INFO">${palavra_randomica} = rvomvtuu</msg>
<var>${palavra_randomica}</var>
<arg>${palavra_randomica}</arg>
<doc>Converts string to lower case.</doc>
<status status="PASS" start="2024-05-13T12:28:12.110976" elapsed="0.000000"/>
</kw>
<kw name="Set Test Variable" owner="BuiltIn">
<msg time="2024-05-13T12:28:12.113971" level="INFO">${EMAIL_TEST} = rvomvtuu@hotmail.com</msg>
<arg>${EMAIL_TEST}</arg>
<arg>${palavra_randomica}@hotmail.com</arg>
<doc>Makes a variable available everywhere within the scope of the current test.</doc>
<status status="PASS" start="2024-05-13T12:28:12.111976" elapsed="0.001995"/>
</kw>
<kw name="Log" owner="BuiltIn">
<msg time="2024-05-13T12:28:12.114972" level="INFO">rvomvtuu@hotmail.com</msg>
<arg>${EMAIL_TEST}</arg>
<doc>Logs the given message with the given level.</doc>
<status status="PASS" start="2024-05-13T12:28:12.114972" elapsed="0.000000"/>
</kw>
<status status="PASS" start="2024-05-13T12:28:11.607975" elapsed="0.506997"/>
</kw>
<kw name="Passo 9 - Digitar mail" owner="academy">
<kw name="Wait Until Element Is Visible" owner="SeleniumLibrary">
<arg>locator=${mailinput}</arg>
<doc>Waits until the element ``locator`` is visible.</doc>
<status status="PASS" start="2024-05-13T12:28:12.117976" elapsed="0.039996"/>
</kw>
<kw name="Input Text" owner="SeleniumLibrary">
<msg time="2024-05-13T12:28:12.158977" level="INFO">Typing text 'rvomvtuu@hotmail.com' into text field 'id:mail'.</msg>
<arg>locator=${mailinput}</arg>
<arg>text=${EMAIL_TEST}</arg>
<doc>Types the given ``text`` into the text field identified by ``locator``.</doc>
<status status="PASS" start="2024-05-13T12:28:12.158977" elapsed="0.305996"/>
</kw>
<status status="PASS" start="2024-05-13T12:28:12.116974" elapsed="0.347999"/>
</kw>
<kw name="Passo 10 - Digitar perfil de acesso" owner="academy">
<kw name="Wait Until Element Is Visible" owner="SeleniumLibrary">
<arg>locator=${perfildeacessoinput}</arg>
<doc>Waits until the element ``locator`` is visible.</doc>
<status status="PASS" start="2024-05-13T12:28:12.483978" elapsed="0.042000"/>
</kw>
<kw name="Input Text" owner="SeleniumLibrary">
<msg time="2024-05-13T12:28:12.526973" level="INFO">Typing text 'ADMIN' into text field 'id:accessProfile'.</msg>
<arg>locator=${perfildeacessoinput}</arg>
<arg>text=${administrador}</arg>
<doc>Types the given ``text`` into the text field identified by ``locator``.</doc>
<status status="PASS" start="2024-05-13T12:28:12.525978" elapsed="0.253996"/>
</kw>
<status status="PASS" start="2024-05-13T12:28:12.482974" elapsed="0.297999"/>
</kw>
<kw name="Passo 11 - Digitar um cpf" owner="academy">
<kw name="Generate Random String" owner="String">
<msg time="2024-05-13T12:28:12.782977" level="INFO">${cpf_randomico} = 85031679037</msg>
<var>${cpf_randomico}</var>
<arg>11</arg>
<arg>chars=[NUMBERS]</arg>
<doc>Generates a string with a desired ``length`` from the given ``chars``.</doc>
<status status="PASS" start="2024-05-13T12:28:12.782977" elapsed="0.000000"/>
</kw>
<kw name="Set Test Variable" owner="BuiltIn">
<msg time="2024-05-13T12:28:12.785971" level="INFO">${CPF} = 85031679037</msg>
<arg>${CPF}</arg>
<arg>${cpf_randomico}</arg>
<doc>Makes a variable available everywhere within the scope of the current test.</doc>
<status status="PASS" start="2024-05-13T12:28:12.783971" elapsed="0.002000"/>
</kw>
<kw name="Log" owner="BuiltIn">
<msg time="2024-05-13T12:28:12.785971" level="INFO">85031679037</msg>
<arg>${CPF}</arg>
<doc>Logs the given message with the given level.</doc>
<status status="PASS" start="2024-05-13T12:28:12.785971" elapsed="0.001008"/>
</kw>
<kw name="Wait Until Element Is Visible" owner="SeleniumLibrary">
<arg>locator=${cpfinput}</arg>
<doc>Waits until the element ``locator`` is visible.</doc>
<status status="PASS" start="2024-05-13T12:28:12.786979" elapsed="0.056995"/>
</kw>
<kw name="Input Text" owner="SeleniumLibrary">
<msg time="2024-05-13T12:28:12.844974" level="INFO">Typing text '85031679037' into text field 'id:cpf'.</msg>
<arg>locator=${cpfinput}</arg>
<arg>text=${CPF}</arg>
<doc>Types the given ``text`` into the text field identified by ``locator``.</doc>
<status status="PASS" start="2024-05-13T12:28:12.843974" elapsed="0.226999"/>
</kw>
<status status="PASS" start="2024-05-13T12:28:12.781971" elapsed="0.289002"/>
</kw>
<kw name="Passo 12 - Digitar password" owner="academy">
<kw name="Wait Until Element Is Visible" owner="SeleniumLibrary">
<arg>locator=${passwordinput}</arg>
<doc>Waits until the element ``locator`` is visible.</doc>
<status status="PASS" start="2024-05-13T12:28:13.080973" elapsed="0.042999"/>
</kw>
<kw name="Input Password" owner="SeleniumLibrary">
<msg time="2024-05-13T12:28:13.124979" level="INFO">Typing password into text field 'confirmPassword'.</msg>
<msg time="2024-05-13T12:28:13.223977" level="INFO">Temporally setting log level to: NONE</msg>
<arg>locator=${confirmarsenha}</arg>
<arg>password=${passwordLogin}</arg>
<doc>Types the given password into the text field identified by ``locator``.</doc>
<status status="PASS" start="2024-05-13T12:28:13.123972" elapsed="0.306001"/>
</kw>
<status status="PASS" start="2024-05-13T12:28:13.079972" elapsed="0.350001"/>
</kw>
<kw name="Passo 13 - Digitar confirma senha" owner="academy">
<kw name="Wait Until Element Is Visible" owner="SeleniumLibrary">
<arg>locator=${confirmarsenha}</arg>
<doc>Waits until the element ``locator`` is visible.</doc>
<status status="PASS" start="2024-05-13T12:28:13.431974" elapsed="0.039999"/>
</kw>
<kw name="Input Password" owner="SeleniumLibrary">
<msg time="2024-05-13T12:28:13.471973" level="INFO">Typing password into text field 'confirmPassword'.</msg>
<msg time="2024-05-13T12:28:13.581974" level="INFO">Temporally setting log level to: NONE</msg>
<arg>locator=${confirmarsenha}</arg>
<arg>password=${passwordLogin}</arg>
<doc>Types the given password into the text field identified by ``locator``.</doc>
<status status="PASS" start="2024-05-13T12:28:13.471973" elapsed="0.244004"/>
</kw>
<status status="PASS" start="2024-05-13T12:28:13.431974" elapsed="0.284003"/>
</kw>
<kw name="Passo 14 - Clicar salvar novo usuário" owner="academy">
<kw name="Wait Until Element Is Visible" owner="SeleniumLibrary">
<arg>locator=${salvarnovo}</arg>
<doc>Waits until the element ``locator`` is visible.</doc>
<status status="PASS" start="2024-05-13T12:28:13.718981" elapsed="0.063992"/>
</kw>
<kw name="Click Button" owner="SeleniumLibrary">
<msg time="2024-05-13T12:28:13.783979" level="INFO">Clicking button 'save'.</msg>
<arg>locator=${salvarnovo}</arg>
<doc>Clicks the button identified by ``locator``.</doc>
<status status="PASS" start="2024-05-13T12:28:13.782973" elapsed="0.193004"/>
</kw>
<status status="PASS" start="2024-05-13T12:28:13.717974" elapsed="0.258003"/>
</kw>
<kw name="Fechar o navegador" owner="academy" type="TEARDOWN">
<kw name="Close Browser" owner="SeleniumLibrary">
<doc>Closes the current browser.</doc>
<status status="PASS" start="2024-05-13T12:28:13.977972" elapsed="2.584996"/>
</kw>
<status status="PASS" start="2024-05-13T12:28:13.976972" elapsed="2.585996"/>
</kw>
<status status="PASS" start="2024-05-13T12:28:05.510226" elapsed="11.053745"/>
</test>
<test id="s1-s3-t2" name="Teste de cadastro em branco" line="28">
<kw name="Abrir o navegador" owner="academy" type="SETUP">
<kw name="Open Browser" owner="SeleniumLibrary">
<msg time="2024-05-13T12:28:16.568979" level="INFO">Opening browser 'headlesschrome' to base url 'None'.</msg>
<arg>browser=headlesschrome</arg>
<doc>Opens a new browser instance to the optional ``url``.</doc>
<status status="PASS" start="2024-05-13T12:28:16.568979" elapsed="2.641051"/>
</kw>
<kw name="Maximize Browser Window" owner="SeleniumLibrary">
<doc>Maximizes current browser window.</doc>
<status status="PASS" start="2024-05-13T12:28:19.211029" elapsed="0.111997"/>
</kw>
<status status="PASS" start="2024-05-13T12:28:16.567979" elapsed="2.756048"/>
</kw>
<kw name=" Passo 1: Acessar a pagina do login QaCodersAcademy" owner="academy">
<kw name="Go To" owner="SeleniumLibrary">
<msg time="2024-05-13T12:28:19.330027" level="INFO">Opening url 'https://automacao.qacoders-academy.com.br/login'</msg>
<arg>url=${URL}</arg>
<doc>Navigates the current browser window to the provided ``url``.</doc>
<status status="PASS" start="2024-05-13T12:28:19.329024" elapsed="0.633375"/>
</kw>
<status status="PASS" start="2024-05-13T12:28:19.329024" elapsed="0.633375"/>
</kw>
<kw name="Passo 2: Digitar um email" owner="academy">
<kw name="Wait Until Element Is Visible" owner="SeleniumLibrary">
<arg>locator=${emailInput}</arg>
<doc>Waits until the element ``locator`` is visible.</doc>
<status status="PASS" start="2024-05-13T12:28:19.978549" elapsed="0.136060"/>
</kw>
<kw name="Input Text" owner="SeleniumLibrary">
<msg time="2024-05-13T12:28:20.115605" level="INFO">Typing text 'sysadmin@qacoders.com' into text field '//input[contains(@type,'text')]'.</msg>
<arg>locator=${emailInput}</arg>
<arg>text=${emailLogin}</arg>
<doc>Types the given ``text`` into the text field identified by ``locator``.</doc>
<status status="PASS" start="2024-05-13T12:28:20.115605" elapsed="0.547136"/>
</kw>
<status status="PASS" start="2024-05-13T12:28:19.977553" elapsed="0.685188"/>
</kw>
<kw name="Passo 3: Digitar uma senha" owner="academy">
<kw name="Wait Until Element Is Visible" owner="SeleniumLibrary">
<arg>locator=${senhaInput}</arg>
<doc>Waits until the element ``locator`` is visible.</doc>
<status status="PASS" start="2024-05-13T12:28:20.665744" elapsed="0.085993"/>
</kw>
<kw name="Input Password" owner="SeleniumLibrary">
<msg time="2024-05-13T12:28:20.752743" level="INFO">Typing password into text field 'id:password'.</msg>
<msg time="2024-05-13T12:28:20.867741" level="INFO">Temporally setting log level to: NONE</msg>
<arg>locator=${senhaInput}</arg>
<arg>password=${passwordLogin}</arg>
<doc>Types the given password into the text field identified by ``locator``.</doc>
<status status="PASS" start="2024-05-13T12:28:20.752743" elapsed="0.281993"/>
</kw>
<status status="PASS" start="2024-05-13T12:28:20.664743" elapsed="0.369993"/>
</kw>
<kw name="Passo 4: Clicar em entrar" owner="academy">
<kw name="Wait Until Element Is Visible" owner="SeleniumLibrary">
<arg>locator=${botonentrar}</arg>
<doc>Waits until the element ``locator`` is visible.</doc>
<status status="PASS" start="2024-05-13T12:28:21.038736" elapsed="0.094000"/>
</kw>
<kw name="Click Button" owner="SeleniumLibrary">
<msg time="2024-05-13T12:28:21.134737" level="INFO">Clicking button 'id:login'.</msg>
<arg>locator=${botonentrar}</arg>
<doc>Clicks the button identified by ``locator``.</doc>
<status status="PASS" start="2024-05-13T12:28:21.133740" elapsed="0.180564"/>
</kw>
<status status="PASS" start="2024-05-13T12:28:21.038736" elapsed="0.275568"/>
</kw>
<kw name="Passo 5 - Clicar em cadastro" owner="academy">
<kw name="Wait Until Element Is Visible" owner="SeleniumLibrary">
<arg>locator=${cadastro}</arg>
<doc>Waits until the element ``locator`` is visible.</doc>
<status status="PASS" start="2024-05-13T12:28:21.323271" elapsed="0.526564"/>
</kw>
<kw name="Click Element" owner="SeleniumLibrary">
<msg time="2024-05-13T12:28:21.850829" level="INFO">Clicking element '//span[@class='MuiTypography-root MuiTypography-body1 MuiListItemText-primary css-yb0lig'][contains(.,'Cadastros')]'.</msg>
<arg>locator=${cadastro}</arg>
<doc>Click the element identified by ``locator``.</doc>
<status status="PASS" start="2024-05-13T12:28:21.849835" elapsed="0.125995"/>
</kw>
<status status="PASS" start="2024-05-13T12:28:21.322266" elapsed="0.653564"/>
</kw>
<kw name="Passo 6 - Clicar em usuários" owner="academy">
<kw name="Wait Until Element Is Visible" owner="SeleniumLibrary">
<arg>locator=${usuarios}</arg>
<doc>Waits until the element ``locator`` is visible.</doc>
<status status="PASS" start="2024-05-13T12:28:21.982831" elapsed="0.070998"/>
</kw>
<kw name="Click Element" owner="SeleniumLibrary">
<msg time="2024-05-13T12:28:22.054828" level="INFO">Clicking element '//span[@class='MuiTypography-root MuiTypography-body1 MuiListItemText-primary css-yb0lig'][contains(.,'Usuários')]'.</msg>
<arg>locator=${usuarios}</arg>
<doc>Click the element identified by ``locator``.</doc>
<status status="PASS" start="2024-05-13T12:28:22.053829" elapsed="0.149002"/>
</kw>
<status status="PASS" start="2024-05-13T12:28:21.981830" elapsed="0.221001"/>
</kw>
<kw name="Passo 7 - Clicar em novo cadastro de um usuário" owner="academy">
<kw name="Wait Until Element Is Visible" owner="SeleniumLibrary">
<arg>locator=${novoCadastro}</arg>
<doc>Waits until the element ``locator`` is visible.</doc>
<status status="PASS" start="2024-05-13T12:28:22.205831" elapsed="0.244525"/>
</kw>
<kw name="Click Button" owner="SeleniumLibrary">
<msg time="2024-05-13T12:28:22.451358" level="INFO">Clicking button 'id:Novo Cadastro'.</msg>
<arg>locator=${novoCadastro}</arg>
<doc>Clicks the button identified by ``locator``.</doc>
<status status="PASS" start="2024-05-13T12:28:22.451358" elapsed="0.234999"/>
</kw>
<status status="PASS" start="2024-05-13T12:28:22.204832" elapsed="0.481525"/>
</kw>
<kw name="Nome sobrenome em branco" owner="academy">
<kw name="Wait Until Element Is Visible" owner="SeleniumLibrary">
<arg>locator=${fullnomeinput}</arg>
<doc>Waits until the element ``locator`` is visible.</doc>
<status status="PASS" start="2024-05-13T12:28:22.698358" elapsed="0.244999"/>
</kw>
<kw name="Input Text" owner="SeleniumLibrary">
<msg time="2024-05-13T12:28:22.944358" level="INFO">Typing text '' into text field 'id:fullName'.</msg>
<arg>locator=${fullnomeinput}</arg>
<arg>text=</arg>
<doc>Types the given ``text`` into the text field identified by ``locator``.</doc>
<status status="PASS" start="2024-05-13T12:28:22.943357" elapsed="0.259004"/>
</kw>
<status status="PASS" start="2024-05-13T12:28:22.698358" elapsed="0.504003"/>
</kw>
<kw name="Email em branco" owner="academy">
<kw name="Wait Until Element Is Visible" owner="SeleniumLibrary">
<arg>locator=${mailinput}</arg>
<doc>Waits until the element ``locator`` is visible.</doc>
<status status="PASS" start="2024-05-13T12:28:23.204361" elapsed="0.042001"/>
</kw>
<kw name="Input Text" owner="SeleniumLibrary">
<msg time="2024-05-13T12:28:23.247362" level="INFO">Typing text '' into text field 'id:mail'.</msg>
<arg>locator=${mailinput}</arg>
<arg>text=</arg>
<doc>Types the given ``text`` into the text field identified by ``locator``.</doc>
<status status="PASS" start="2024-05-13T12:28:23.246362" elapsed="0.194994"/>
</kw>
<status status="PASS" start="2024-05-13T12:28:23.203360" elapsed="0.238996"/>
</kw>
<kw name="Perfil de acesso" owner="academy">
<kw name="Wait Until Element Is Visible" owner="SeleniumLibrary">
<arg>locator=${perfildeacessoinput}</arg>
<doc>Waits until the element ``locator`` is visible.</doc>
<status status="PASS" start="2024-05-13T12:28:23.445359" elapsed="0.078998"/>
</kw>
<kw name="Input Text" owner="SeleniumLibrary">
<msg time="2024-05-13T12:28:23.526360" level="INFO">Typing text '' into text field 'id:accessProfile'.</msg>
<arg>locator=${perfildeacessoinput}</arg>
<arg>text=</arg>
<doc>Types the given ``text`` into the text field identified by ``locator``.</doc>
<status status="PASS" start="2024-05-13T12:28:23.525356" elapsed="0.229007"/>
</kw>
<status status="PASS" start="2024-05-13T12:28:23.443357" elapsed="0.312003"/>
</kw>
<kw name="CPF em branco" owner="academy">
<kw name="Wait Until Element Is Visible" owner="SeleniumLibrary">
<arg>locator=${cpfinput}</arg>
<doc>Waits until the element ``locator`` is visible.</doc>
<status status="PASS" start="2024-05-13T12:28:23.756358" elapsed="0.082005"/>
</kw>
<kw name="Input Text" owner="SeleniumLibrary">
<msg time="2024-05-13T12:28:23.839362" level="INFO">Typing text '' into text field 'id:cpf'.</msg>
<arg>locator=${cpfinput}</arg>
<arg>text=</arg>
<doc>Types the given ``text`` into the text field identified by ``locator``.</doc>
<status status="PASS" start="2024-05-13T12:28:23.838363" elapsed="0.195993"/>
</kw>
<status status="PASS" start="2024-05-13T12:28:23.756358" elapsed="0.277998"/>
</kw>
<kw name="Password em branco" owner="academy">
<kw name="Wait Until Element Is Visible" owner="SeleniumLibrary">
<arg>locator=${passwordinput}</arg>
<doc>Waits until the element ``locator`` is visible.</doc>
<status status="PASS" start="2024-05-13T12:28:24.036362" elapsed="0.072000"/>
</kw>
<kw name="Input Text" owner="SeleniumLibrary">
<msg time="2024-05-13T12:28:24.109361" level="INFO">Typing text '' into text field 'password'.</msg>
<arg>locator=${passwordinput}</arg>
<arg>text=</arg>
<doc>Types the given ``text`` into the text field identified by ``locator``.</doc>
<status status="PASS" start="2024-05-13T12:28:24.108362" elapsed="0.240994"/>
</kw>
<status status="PASS" start="2024-05-13T12:28:24.035359" elapsed="0.313997"/>
</kw>
<kw name="Confirma senha" owner="academy">
<kw name="Wait Until Element Is Visible" owner="SeleniumLibrary">
<arg>locator=${confirmarsenha}</arg>
<doc>Waits until the element ``locator`` is visible.</doc>
<status status="PASS" start="2024-05-13T12:28:24.352357" elapsed="0.083003"/>
</kw>
<kw name="Input Text" owner="SeleniumLibrary">
<msg time="2024-05-13T12:28:24.436358" level="INFO">Typing text '' into text field 'confirmPassword'.</msg>
<arg>locator=${confirmarsenha}</arg>
<arg>text=</arg>
<doc>Types the given ``text`` into the text field identified by ``locator``.</doc>
<status status="PASS" start="2024-05-13T12:28:24.435360" elapsed="0.192002"/>
</kw>
<status status="PASS" start="2024-05-13T12:28:24.351358" elapsed="0.276004"/>
</kw>
<kw name="Clicar no botão" owner="academy">
<kw name="Wait Until Element Is Visible" owner="SeleniumLibrary">
<arg>locator=${salvarnovo}</arg>
<doc>Waits until the element ``locator`` is visible.</doc>
<status status="PASS" start="2024-05-13T12:28:24.628358" elapsed="0.082999"/>
</kw>
<kw name="Click Button" owner="SeleniumLibrary">
<msg time="2024-05-13T12:28:24.712358" level="INFO">Clicking button 'save'.</msg>
<arg>locator=${salvarnovo}</arg>
<doc>Clicks the button identified by ``locator``.</doc>
<status status="PASS" start="2024-05-13T12:28:24.711357" elapsed="0.172058"/>
</kw>
<kw name="Capture Element Screenshot" owner="SeleniumLibrary">
<msg time="2024-05-13T12:28:25.492408" level="INFO" html="true">&lt;/td&gt;&lt;/tr&gt;&lt;tr&gt;&lt;td colspan="3"&gt;&lt;a href="selenium-element-screenshot-7.png"&gt;&lt;img src="selenium-element-screenshot-7.png" width="400px"&gt;&lt;/a&gt;</msg>
<arg>locator=${teladecadastro}</arg>
<doc>Captures a screenshot from the element identified by ``locator`` and embeds it into log file.</doc>
<status status="PASS" start="2024-05-13T12:28:24.883415" elapsed="0.608993"/>
</kw>
<status status="PASS" start="2024-05-13T12:28:24.628358" elapsed="0.864050"/>
</kw>
<kw name="Fechar o navegador" owner="academy" type="TEARDOWN">
<kw name="Close Browser" owner="SeleniumLibrary">
<doc>Closes the current browser.</doc>
<status status="PASS" start="2024-05-13T12:28:25.495408" elapsed="2.383202"/>
</kw>
<status status="PASS" start="2024-05-13T12:28:25.494409" elapsed="2.384201"/>
</kw>
<status status="PASS" start="2024-05-13T12:28:16.566975" elapsed="11.312631"/>
</test>
<status status="PASS" start="2024-05-13T12:28:05.496226" elapsed="22.385380"/>
</suite>
<status status="PASS" start="2024-05-13T12:27:35.070316" elapsed="52.815290"/>
</suite>
<statistics>
<total>
<stat pass="5" fail="0" skip="0">All Tests</stat>
</total>
<tag>
</tag>
<suite>
<stat pass="5" fail="0" skip="0" id="s1" name="Tests">Tests</stat>
<stat pass="1" fail="0" skip="0" id="s1-s1" name="Diretoria">Tests.Diretoria</stat>
<stat pass="2" fail="0" skip="0" id="s1-s2" name="Login">Tests.Login</stat>
<stat pass="2" fail="0" skip="0" id="s1-s3" name="Usuario">Tests.Usuario</stat>
</suite>
</statistics>
<errors>
</errors>
</robot>
